2024-10-10 22:42:36,426 WARN util.NativeCodeLoader: Unable to load native-hadoop library for your platform... using builtin-java classes where applicable
2024-10-10 22:42:36,587 INFO impl.MetricsConfig: Loaded properties from hadoop-metrics2.properties
2024-10-10 22:42:36,690 INFO impl.MetricsSystemImpl: Scheduled Metric snapshot period at 10 second(s).
2024-10-10 22:42:36,690 INFO impl.MetricsSystemImpl: JobTracker metrics system started
2024-10-10 22:42:36,916 INFO input.FileInputFormat: Total input files to process : 1
2024-10-10 22:42:37,005 INFO mapreduce.JobSubmitter: number of splits:1
2024-10-10 22:42:37,156 INFO mapreduce.JobSubmitter: Submitting tokens for job: job_local1830139923_0001
2024-10-10 22:42:37,156 INFO mapreduce.JobSubmitter: Executing with tokens: []
2024-10-10 22:42:37,328 INFO mapreduce.Job: The url to track the job: http://localhost:8080/
2024-10-10 22:42:37,329 INFO mapreduce.Job: Running job: job_local1830139923_0001
2024-10-10 22:42:37,330 INFO mapred.LocalJobRunner: OutputCommitter set in config null
2024-10-10 22:42:37,334 INFO output.FileOutputCommitter: File Output Committer Algorithm version is 2
2024-10-10 22:42:37,334 INFO output.FileOutputCommitter: FileOutputCommitter skip cleanup _temporary folders under output directory:false, ignore cleanup failures: false
2024-10-10 22:42:37,335 INFO mapred.LocalJobRunner: OutputCommitter is org.apache.hadoop.mapreduce.lib.output.FileOutputCommitter
2024-10-10 22:42:37,399 INFO mapred.LocalJobRunner: Waiting for map tasks
2024-10-10 22:42:37,399 INFO mapred.LocalJobRunner: Starting task: attempt_local1830139923_0001_m_000000_0
2024-10-10 22:42:37,451 INFO output.FileOutputCommitter: File Output Committer Algorithm version is 2
2024-10-10 22:42:37,452 INFO output.FileOutputCommitter: FileOutputCommitter skip cleanup _temporary folders under output directory:false, ignore cleanup failures: false
2024-10-10 22:42:37,464 INFO util.ProcfsBasedProcessTree: ProcfsBasedProcessTree currently is supported only on Linux.
2024-10-10 22:42:37,464 INFO mapred.Task:  Using ResourceCalculatorProcessTree : null
2024-10-10 22:42:37,470 INFO mapred.MapTask: Processing split: file:/Users/hemanthsukumar/project3/large-graph.txt:0+7660371
2024-10-10 22:42:37,524 INFO mapred.MapTask: (EQUATOR) 0 kvi 26214396(104857584)
2024-10-10 22:42:37,524 INFO mapred.MapTask: mapreduce.task.io.sort.mb: 100
2024-10-10 22:42:37,524 INFO mapred.MapTask: soft limit at 83886080
2024-10-10 22:42:37,524 INFO mapred.MapTask: bufstart = 0; bufvoid = 104857600
2024-10-10 22:42:37,524 INFO mapred.MapTask: kvstart = 26214396; length = 6553600
2024-10-10 22:42:37,528 INFO mapred.MapTask: Map output collector class = org.apache.hadoop.mapred.MapTask$MapOutputBuffer
2024-10-10 22:42:37,859 INFO mapred.LocalJobRunner: 
2024-10-10 22:42:37,859 INFO mapred.MapTask: Starting flush of map output
2024-10-10 22:42:37,860 INFO mapred.MapTask: Spilling map output
2024-10-10 22:42:37,860 INFO mapred.MapTask: bufstart = 0; bufend = 12607104; bufvoid = 104857600
2024-10-10 22:42:37,860 INFO mapred.MapTask: kvstart = 26214396(104857584); kvend = 25814400(103257600); length = 399997/6553600
2024-10-10 22:42:38,116 INFO mapred.MapTask: Finished spill 0
2024-10-10 22:42:38,145 INFO mapred.Task: Task:attempt_local1830139923_0001_m_000000_0 is done. And is in the process of committing
2024-10-10 22:42:38,149 INFO mapred.LocalJobRunner: map
2024-10-10 22:42:38,149 INFO mapred.Task: Task 'attempt_local1830139923_0001_m_000000_0' done.
2024-10-10 22:42:38,153 INFO mapred.Task: Final Counters for attempt_local1830139923_0001_m_000000_0: Counters: 17
	File System Counters
		FILE: Number of bytes read=7670578
		FILE: Number of bytes written=13405550
		FILE: Number of read operations=0
		FILE: Number of large read operations=0
		FILE: Number of write operations=0
	Map-Reduce Framework
		Map input records=100000
		Map output records=100000
		Map output bytes=12607104
		Map output materialized bytes=12841329
		Input split bytes=116
		Combine input records=0
		Spilled Records=100000
		Failed Shuffles=0
		Merged Map outputs=0
		GC time elapsed (ms)=39
		Total committed heap usage (bytes)=336592896
	File Input Format Counters 
		Bytes Read=7660371
2024-10-10 22:42:38,153 INFO mapred.LocalJobRunner: Finishing task: attempt_local1830139923_0001_m_000000_0
2024-10-10 22:42:38,154 INFO mapred.LocalJobRunner: map task executor complete.
2024-10-10 22:42:38,156 INFO mapred.LocalJobRunner: Waiting for reduce tasks
2024-10-10 22:42:38,156 INFO mapred.LocalJobRunner: Starting task: attempt_local1830139923_0001_r_000000_0
2024-10-10 22:42:38,164 INFO output.FileOutputCommitter: File Output Committer Algorithm version is 2
2024-10-10 22:42:38,164 INFO output.FileOutputCommitter: FileOutputCommitter skip cleanup _temporary folders under output directory:false, ignore cleanup failures: false
2024-10-10 22:42:38,164 INFO util.ProcfsBasedProcessTree: ProcfsBasedProcessTree currently is supported only on Linux.
2024-10-10 22:42:38,164 INFO mapred.Task:  Using ResourceCalculatorProcessTree : null
2024-10-10 22:42:38,167 INFO mapred.ReduceTask: Using ShuffleConsumerPlugin: org.apache.hadoop.mapreduce.task.reduce.Shuffle@30b7a64
2024-10-10 22:42:38,168 WARN impl.MetricsSystemImpl: JobTracker metrics system already initialized!
2024-10-10 22:42:38,186 INFO reduce.MergeManagerImpl: MergerManager: memoryLimit=1336252800, maxSingleShuffleLimit=334063200, mergeThreshold=881926912, ioSortFactor=10, memToMemMergeOutputsThreshold=10
2024-10-10 22:42:38,187 INFO reduce.EventFetcher: attempt_local1830139923_0001_r_000000_0 Thread started: EventFetcher for fetching Map Completion Events
2024-10-10 22:42:38,216 INFO reduce.LocalFetcher: localfetcher#1 about to shuffle output of map attempt_local1830139923_0001_m_000000_0 decomp: 12841325 len: 12841329 to MEMORY
2024-10-10 22:42:38,224 INFO reduce.InMemoryMapOutput: Read 12841325 bytes from map-output for attempt_local1830139923_0001_m_000000_0
2024-10-10 22:42:38,225 INFO reduce.MergeManagerImpl: closeInMemoryFile -> map-output of size: 12841325, inMemoryMapOutputs.size() -> 1, commitMemory -> 0, usedMemory ->12841325
2024-10-10 22:42:38,226 INFO reduce.EventFetcher: EventFetcher is interrupted.. Returning
2024-10-10 22:42:38,226 INFO mapred.LocalJobRunner: 1 / 1 copied.
2024-10-10 22:42:38,226 INFO reduce.MergeManagerImpl: finalMerge called with 1 in-memory map-outputs and 0 on-disk map-outputs
2024-10-10 22:42:38,243 INFO mapred.Merger: Merging 1 sorted segments
2024-10-10 22:42:38,243 INFO mapred.Merger: Down to the last merge-pass, with 1 segments left of total size: 12841314 bytes
2024-10-10 22:42:38,333 INFO reduce.MergeManagerImpl: Merged 1 segments, 12841325 bytes to disk to satisfy reduce memory limit
2024-10-10 22:42:38,334 INFO reduce.MergeManagerImpl: Merging 1 files, 12841329 bytes from disk
2024-10-10 22:42:38,335 INFO reduce.MergeManagerImpl: Merging 0 segments, 0 bytes from memory into reduce
2024-10-10 22:42:38,335 INFO mapred.Merger: Merging 1 sorted segments
2024-10-10 22:42:38,336 INFO mapred.Merger: Down to the last merge-pass, with 1 segments left of total size: 12841314 bytes
2024-10-10 22:42:38,337 INFO mapred.LocalJobRunner: 1 / 1 copied.
2024-10-10 22:42:38,337 INFO mapreduce.Job: Job job_local1830139923_0001 running in uber mode : false
2024-10-10 22:42:38,339 INFO mapreduce.Job:  map 100% reduce 0%
2024-10-10 22:42:38,385 INFO Configuration.deprecation: mapred.skip.on is deprecated. Instead, use mapreduce.job.skiprecords
2024-10-10 22:42:38,716 INFO mapred.Task: Task:attempt_local1830139923_0001_r_000000_0 is done. And is in the process of committing
2024-10-10 22:42:38,723 INFO mapred.LocalJobRunner: 1 / 1 copied.
2024-10-10 22:42:38,723 INFO mapred.Task: Task attempt_local1830139923_0001_r_000000_0 is allowed to commit now
2024-10-10 22:42:38,725 INFO output.FileOutputCommitter: Saved output of task 'attempt_local1830139923_0001_r_000000_0' to file:/Users/hemanthsukumar/project3/tmp_large/i0
2024-10-10 22:42:38,726 INFO mapred.LocalJobRunner: reduce > reduce
2024-10-10 22:42:38,726 INFO mapred.Task: Task 'attempt_local1830139923_0001_r_000000_0' done.
2024-10-10 22:42:38,726 INFO mapred.Task: Final Counters for attempt_local1830139923_0001_r_000000_0: Counters: 24
	File System Counters
		FILE: Number of bytes read=33353268
		FILE: Number of bytes written=39761430
		FILE: Number of read operations=0
		FILE: Number of large read operations=0
		FILE: Number of write operations=0
	Map-Reduce Framework
		Combine input records=0
		Combine output records=0
		Reduce input groups=100000
		Reduce shuffle bytes=12841329
		Reduce input records=100000
		Reduce output records=100000
		Spilled Records=100000
		Shuffled Maps =1
		Failed Shuffles=0
		Merged Map outputs=1
		GC time elapsed (ms)=20
		Total committed heap usage (bytes)=475529216
	Shuffle Errors
		BAD_ID=0
		CONNECTION=0
		IO_ERROR=0
		WRONG_LENGTH=0
		WRONG_MAP=0
		WRONG_REDUCE=0
	File Output Format Counters 
		Bytes Written=13514551
2024-10-10 22:42:38,726 INFO mapred.LocalJobRunner: Finishing task: attempt_local1830139923_0001_r_000000_0
2024-10-10 22:42:38,726 INFO mapred.LocalJobRunner: reduce task executor complete.
2024-10-10 22:42:39,350 INFO mapreduce.Job:  map 100% reduce 100%
2024-10-10 22:42:39,352 INFO mapreduce.Job: Job job_local1830139923_0001 completed successfully
2024-10-10 22:42:39,374 INFO mapreduce.Job: Counters: 30
	File System Counters
		FILE: Number of bytes read=41023846
		FILE: Number of bytes written=53166980
		FILE: Number of read operations=0
		FILE: Number of large read operations=0
		FILE: Number of write operations=0
	Map-Reduce Framework
		Map input records=100000
		Map output records=100000
		Map output bytes=12607104
		Map output materialized bytes=12841329
		Input split bytes=116
		Combine input records=0
		Combine output records=0
		Reduce input groups=100000
		Reduce shuffle bytes=12841329
		Reduce input records=100000
		Reduce output records=100000
		Spilled Records=200000
		Shuffled Maps =1
		Failed Shuffles=0
		Merged Map outputs=1
		GC time elapsed (ms)=59
		Total committed heap usage (bytes)=812122112
	Shuffle Errors
		BAD_ID=0
		CONNECTION=0
		IO_ERROR=0
		WRONG_LENGTH=0
		WRONG_MAP=0
		WRONG_REDUCE=0
	File Input Format Counters 
		Bytes Read=7660371
	File Output Format Counters 
		Bytes Written=13514551
2024-10-10 22:42:39,396 WARN impl.MetricsSystemImpl: JobTracker metrics system already initialized!
2024-10-10 22:42:39,503 INFO input.FileInputFormat: Total input files to process : 1
2024-10-10 22:42:39,570 INFO mapreduce.JobSubmitter: number of splits:1
2024-10-10 22:42:39,622 INFO mapreduce.JobSubmitter: Submitting tokens for job: job_local264080468_0002
2024-10-10 22:42:39,622 INFO mapreduce.JobSubmitter: Executing with tokens: []
2024-10-10 22:42:39,698 INFO mapreduce.Job: The url to track the job: http://localhost:8080/
2024-10-10 22:42:39,699 INFO mapred.LocalJobRunner: OutputCommitter set in config null
2024-10-10 22:42:39,700 INFO mapreduce.Job: Running job: job_local264080468_0002
2024-10-10 22:42:39,701 INFO output.FileOutputCommitter: File Output Committer Algorithm version is 2
2024-10-10 22:42:39,701 INFO output.FileOutputCommitter: FileOutputCommitter skip cleanup _temporary folders under output directory:false, ignore cleanup failures: false
2024-10-10 22:42:39,702 INFO mapred.LocalJobRunner: OutputCommitter is org.apache.hadoop.mapreduce.lib.output.FileOutputCommitter
2024-10-10 22:42:39,735 INFO mapred.LocalJobRunner: Waiting for map tasks
2024-10-10 22:42:39,735 INFO mapred.LocalJobRunner: Starting task: attempt_local264080468_0002_m_000000_0
2024-10-10 22:42:39,739 INFO output.FileOutputCommitter: File Output Committer Algorithm version is 2
2024-10-10 22:42:39,739 INFO output.FileOutputCommitter: FileOutputCommitter skip cleanup _temporary folders under output directory:false, ignore cleanup failures: false
2024-10-10 22:42:39,740 INFO util.ProcfsBasedProcessTree: ProcfsBasedProcessTree currently is supported only on Linux.
2024-10-10 22:42:39,740 INFO mapred.Task:  Using ResourceCalculatorProcessTree : null
2024-10-10 22:42:39,743 INFO mapred.MapTask: Processing split: file:/Users/hemanthsukumar/project3/tmp_large/i0/part-r-00000:0+13409779
2024-10-10 22:42:39,763 INFO mapred.MapTask: (EQUATOR) 0 kvi 26214396(104857584)
2024-10-10 22:42:39,763 INFO mapred.MapTask: mapreduce.task.io.sort.mb: 100
2024-10-10 22:42:39,763 INFO mapred.MapTask: soft limit at 83886080
2024-10-10 22:42:39,763 INFO mapred.MapTask: bufstart = 0; bufvoid = 104857600
2024-10-10 22:42:39,763 INFO mapred.MapTask: kvstart = 26214396; length = 6553600
2024-10-10 22:42:39,765 INFO mapred.MapTask: Map output collector class = org.apache.hadoop.mapred.MapTask$MapOutputBuffer
2024-10-10 22:42:40,014 INFO mapred.LocalJobRunner: 
2024-10-10 22:42:40,015 INFO mapred.MapTask: Starting flush of map output
2024-10-10 22:42:40,015 INFO mapred.MapTask: Spilling map output
2024-10-10 22:42:40,015 INFO mapred.MapTask: bufstart = 0; bufend = 12610854; bufvoid = 104857600
2024-10-10 22:42:40,015 INFO mapred.MapTask: kvstart = 26214396(104857584); kvend = 25813900(103255600); length = 400497/6553600
2024-10-10 22:42:40,453 INFO mapred.MapTask: Finished spill 0
2024-10-10 22:42:40,481 INFO mapred.Task: Task:attempt_local264080468_0002_m_000000_0 is done. And is in the process of committing
2024-10-10 22:42:40,485 INFO mapred.LocalJobRunner: map
2024-10-10 22:42:40,485 INFO mapred.Task: Task 'attempt_local264080468_0002_m_000000_0' done.
2024-10-10 22:42:40,485 INFO mapred.Task: Final Counters for attempt_local264080468_0002_m_000000_0: Counters: 17
	File System Counters
		FILE: Number of bytes read=46878036
		FILE: Number of bytes written=53168376
		FILE: Number of read operations=0
		FILE: Number of large read operations=0
		FILE: Number of write operations=0
	Map-Reduce Framework
		Map input records=100000
		Map output records=100125
		Map output bytes=12610854
		Map output materialized bytes=12845329
		Input split bytes=126
		Combine input records=0
		Spilled Records=100125
		Failed Shuffles=0
		Merged Map outputs=0
		GC time elapsed (ms)=116
		Total committed heap usage (bytes)=563085312
	File Input Format Counters 
		Bytes Read=13514551
2024-10-10 22:42:40,486 INFO mapred.LocalJobRunner: Finishing task: attempt_local264080468_0002_m_000000_0
2024-10-10 22:42:40,486 INFO mapred.LocalJobRunner: map task executor complete.
2024-10-10 22:42:40,489 INFO mapred.LocalJobRunner: Waiting for reduce tasks
2024-10-10 22:42:40,489 INFO mapred.LocalJobRunner: Starting task: attempt_local264080468_0002_r_000000_0
2024-10-10 22:42:40,494 INFO output.FileOutputCommitter: File Output Committer Algorithm version is 2
2024-10-10 22:42:40,495 INFO output.FileOutputCommitter: FileOutputCommitter skip cleanup _temporary folders under output directory:false, ignore cleanup failures: false
2024-10-10 22:42:40,495 INFO util.ProcfsBasedProcessTree: ProcfsBasedProcessTree currently is supported only on Linux.
2024-10-10 22:42:40,495 INFO mapred.Task:  Using ResourceCalculatorProcessTree : null
2024-10-10 22:42:40,496 INFO mapred.ReduceTask: Using ShuffleConsumerPlugin: org.apache.hadoop.mapreduce.task.reduce.Shuffle@470d7bb7
2024-10-10 22:42:40,496 WARN impl.MetricsSystemImpl: JobTracker metrics system already initialized!
2024-10-10 22:42:40,498 INFO reduce.MergeManagerImpl: MergerManager: memoryLimit=1336252800, maxSingleShuffleLimit=334063200, mergeThreshold=881926912, ioSortFactor=10, memToMemMergeOutputsThreshold=10
2024-10-10 22:42:40,499 INFO reduce.EventFetcher: attempt_local264080468_0002_r_000000_0 Thread started: EventFetcher for fetching Map Completion Events
2024-10-10 22:42:40,503 INFO reduce.LocalFetcher: localfetcher#2 about to shuffle output of map attempt_local264080468_0002_m_000000_0 decomp: 12845325 len: 12845329 to MEMORY
2024-10-10 22:42:40,509 INFO reduce.InMemoryMapOutput: Read 12845325 bytes from map-output for attempt_local264080468_0002_m_000000_0
2024-10-10 22:42:40,510 INFO reduce.MergeManagerImpl: closeInMemoryFile -> map-output of size: 12845325, inMemoryMapOutputs.size() -> 1, commitMemory -> 0, usedMemory ->12845325
2024-10-10 22:42:40,511 INFO reduce.EventFetcher: EventFetcher is interrupted.. Returning
2024-10-10 22:42:40,512 INFO mapred.LocalJobRunner: 1 / 1 copied.
2024-10-10 22:42:40,513 INFO reduce.MergeManagerImpl: finalMerge called with 1 in-memory map-outputs and 0 on-disk map-outputs
2024-10-10 22:42:40,536 INFO mapred.Merger: Merging 1 sorted segments
2024-10-10 22:42:40,537 INFO mapred.Merger: Down to the last merge-pass, with 1 segments left of total size: 12845314 bytes
2024-10-10 22:42:40,595 INFO reduce.MergeManagerImpl: Merged 1 segments, 12845325 bytes to disk to satisfy reduce memory limit
2024-10-10 22:42:40,596 INFO reduce.MergeManagerImpl: Merging 1 files, 12845329 bytes from disk
2024-10-10 22:42:40,596 INFO reduce.MergeManagerImpl: Merging 0 segments, 0 bytes from memory into reduce
2024-10-10 22:42:40,596 INFO mapred.Merger: Merging 1 sorted segments
2024-10-10 22:42:40,598 INFO mapred.Merger: Down to the last merge-pass, with 1 segments left of total size: 12845314 bytes
2024-10-10 22:42:40,599 INFO mapred.LocalJobRunner: 1 / 1 copied.
2024-10-10 22:42:40,706 INFO mapreduce.Job: Job job_local264080468_0002 running in uber mode : false
2024-10-10 22:42:40,710 INFO mapreduce.Job:  map 100% reduce 0%
2024-10-10 22:42:40,853 INFO mapred.Task: Task:attempt_local264080468_0002_r_000000_0 is done. And is in the process of committing
2024-10-10 22:42:40,859 INFO mapred.LocalJobRunner: 1 / 1 copied.
2024-10-10 22:42:40,859 INFO mapred.Task: Task attempt_local264080468_0002_r_000000_0 is allowed to commit now
2024-10-10 22:42:40,860 INFO output.FileOutputCommitter: Saved output of task 'attempt_local264080468_0002_r_000000_0' to file:/Users/hemanthsukumar/project3/tmp_large/i1
2024-10-10 22:42:40,861 INFO mapred.LocalJobRunner: reduce > reduce
2024-10-10 22:42:40,861 INFO mapred.Task: Task 'attempt_local264080468_0002_r_000000_0' done.
2024-10-10 22:42:40,862 INFO mapred.Task: Final Counters for attempt_local264080468_0002_r_000000_0: Counters: 24
	File System Counters
		FILE: Number of bytes read=72568726
		FILE: Number of bytes written=79528256
		FILE: Number of read operations=0
		FILE: Number of large read operations=0
		FILE: Number of write operations=0
	Map-Reduce Framework
		Combine input records=0
		Combine output records=0
		Reduce input groups=100000
		Reduce shuffle bytes=12845329
		Reduce input records=100125
		Reduce output records=100000
		Spilled Records=100125
		Shuffled Maps =1
		Failed Shuffles=0
		Merged Map outputs=1
		GC time elapsed (ms)=0
		Total committed heap usage (bytes)=563085312
	Shuffle Errors
		BAD_ID=0
		CONNECTION=0
		IO_ERROR=0
		WRONG_LENGTH=0
		WRONG_MAP=0
		WRONG_REDUCE=0
	File Output Format Counters 
		Bytes Written=13514551
2024-10-10 22:42:40,862 INFO mapred.LocalJobRunner: Finishing task: attempt_local264080468_0002_r_000000_0
2024-10-10 22:42:40,862 INFO mapred.LocalJobRunner: reduce task executor complete.
2024-10-10 22:42:41,716 INFO mapreduce.Job:  map 100% reduce 100%
2024-10-10 22:42:41,719 INFO mapreduce.Job: Job job_local264080468_0002 completed successfully
2024-10-10 22:42:41,730 INFO mapreduce.Job: Counters: 30
	File System Counters
		FILE: Number of bytes read=119446762
		FILE: Number of bytes written=132696632
		FILE: Number of read operations=0
		FILE: Number of large read operations=0
		FILE: Number of write operations=0
	Map-Reduce Framework
		Map input records=100000
		Map output records=100125
		Map output bytes=12610854
		Map output materialized bytes=12845329
		Input split bytes=126
		Combine input records=0
		Combine output records=0
		Reduce input groups=100000
		Reduce shuffle bytes=12845329
		Reduce input records=100125
		Reduce output records=100000
		Spilled Records=200250
		Shuffled Maps =1
		Failed Shuffles=0
		Merged Map outputs=1
		GC time elapsed (ms)=116
		Total committed heap usage (bytes)=1126170624
	Shuffle Errors
		BAD_ID=0
		CONNECTION=0
		IO_ERROR=0
		WRONG_LENGTH=0
		WRONG_MAP=0
		WRONG_REDUCE=0
	File Input Format Counters 
		Bytes Read=13514551
	File Output Format Counters 
		Bytes Written=13514551
2024-10-10 22:42:41,751 WARN impl.MetricsSystemImpl: JobTracker metrics system already initialized!
2024-10-10 22:42:41,889 INFO input.FileInputFormat: Total input files to process : 1
2024-10-10 22:42:41,966 INFO mapreduce.JobSubmitter: number of splits:1
2024-10-10 22:42:42,031 INFO mapreduce.JobSubmitter: Submitting tokens for job: job_local396782056_0003
2024-10-10 22:42:42,031 INFO mapreduce.JobSubmitter: Executing with tokens: []
2024-10-10 22:42:42,111 INFO mapreduce.Job: The url to track the job: http://localhost:8080/
2024-10-10 22:42:42,111 INFO mapreduce.Job: Running job: job_local396782056_0003
2024-10-10 22:42:42,112 INFO mapred.LocalJobRunner: OutputCommitter set in config null
2024-10-10 22:42:42,113 INFO output.FileOutputCommitter: File Output Committer Algorithm version is 2
2024-10-10 22:42:42,113 INFO output.FileOutputCommitter: FileOutputCommitter skip cleanup _temporary folders under output directory:false, ignore cleanup failures: false
2024-10-10 22:42:42,113 INFO mapred.LocalJobRunner: OutputCommitter is org.apache.hadoop.mapreduce.lib.output.FileOutputCommitter
2024-10-10 22:42:42,142 INFO mapred.LocalJobRunner: Waiting for map tasks
2024-10-10 22:42:42,142 INFO mapred.LocalJobRunner: Starting task: attempt_local396782056_0003_m_000000_0
2024-10-10 22:42:42,145 INFO output.FileOutputCommitter: File Output Committer Algorithm version is 2
2024-10-10 22:42:42,145 INFO output.FileOutputCommitter: FileOutputCommitter skip cleanup _temporary folders under output directory:false, ignore cleanup failures: false
2024-10-10 22:42:42,146 INFO util.ProcfsBasedProcessTree: ProcfsBasedProcessTree currently is supported only on Linux.
2024-10-10 22:42:42,146 INFO mapred.Task:  Using ResourceCalculatorProcessTree : null
2024-10-10 22:42:42,148 INFO mapred.MapTask: Processing split: file:/Users/hemanthsukumar/project3/tmp_large/i1/part-r-00000:0+13409779
2024-10-10 22:42:42,154 INFO mapred.MapTask: (EQUATOR) 0 kvi 26214396(104857584)
2024-10-10 22:42:42,154 INFO mapred.MapTask: mapreduce.task.io.sort.mb: 100
2024-10-10 22:42:42,155 INFO mapred.MapTask: soft limit at 83886080
2024-10-10 22:42:42,155 INFO mapred.MapTask: bufstart = 0; bufvoid = 104857600
2024-10-10 22:42:42,155 INFO mapred.MapTask: kvstart = 26214396; length = 6553600
2024-10-10 22:42:42,159 INFO mapred.MapTask: Map output collector class = org.apache.hadoop.mapred.MapTask$MapOutputBuffer
2024-10-10 22:42:42,292 INFO mapred.LocalJobRunner: 
2024-10-10 22:42:42,293 INFO mapred.MapTask: Starting flush of map output
2024-10-10 22:42:42,293 INFO mapred.MapTask: Spilling map output
2024-10-10 22:42:42,293 INFO mapred.MapTask: bufstart = 0; bufend = 12658254; bufvoid = 104857600
2024-10-10 22:42:42,293 INFO mapred.MapTask: kvstart = 26214396(104857584); kvend = 25807580(103230320); length = 406817/6553600
2024-10-10 22:42:42,605 INFO mapred.MapTask: Finished spill 0
2024-10-10 22:42:42,619 INFO mapred.Task: Task:attempt_local396782056_0003_m_000000_0 is done. And is in the process of committing
2024-10-10 22:42:42,622 INFO mapred.LocalJobRunner: map
2024-10-10 22:42:42,623 INFO mapred.Task: Task 'attempt_local396782056_0003_m_000000_0' done.
2024-10-10 22:42:42,623 INFO mapred.Task: Final Counters for attempt_local396782056_0003_m_000000_0: Counters: 17
	File System Counters
		FILE: Number of bytes read=86093494
		FILE: Number of bytes written=92985762
		FILE: Number of read operations=0
		FILE: Number of large read operations=0
		FILE: Number of write operations=0
	Map-Reduce Framework
		Map input records=100000
		Map output records=101705
		Map output bytes=12658254
		Map output materialized bytes=12895889
		Input split bytes=126
		Combine input records=0
		Spilled Records=101705
		Failed Shuffles=0
		Merged Map outputs=0
		GC time elapsed (ms)=1
		Total committed heap usage (bytes)=736100352
	File Input Format Counters 
		Bytes Read=13514551
2024-10-10 22:42:42,623 INFO mapred.LocalJobRunner: Finishing task: attempt_local396782056_0003_m_000000_0
2024-10-10 22:42:42,623 INFO mapred.LocalJobRunner: map task executor complete.
2024-10-10 22:42:42,625 INFO mapred.LocalJobRunner: Waiting for reduce tasks
2024-10-10 22:42:42,625 INFO mapred.LocalJobRunner: Starting task: attempt_local396782056_0003_r_000000_0
2024-10-10 22:42:42,627 INFO output.FileOutputCommitter: File Output Committer Algorithm version is 2
2024-10-10 22:42:42,627 INFO output.FileOutputCommitter: FileOutputCommitter skip cleanup _temporary folders under output directory:false, ignore cleanup failures: false
2024-10-10 22:42:42,628 INFO util.ProcfsBasedProcessTree: ProcfsBasedProcessTree currently is supported only on Linux.
2024-10-10 22:42:42,629 INFO mapred.Task:  Using ResourceCalculatorProcessTree : null
2024-10-10 22:42:42,629 INFO mapred.ReduceTask: Using ShuffleConsumerPlugin: org.apache.hadoop.mapreduce.task.reduce.Shuffle@5c508a8f
2024-10-10 22:42:42,629 WARN impl.MetricsSystemImpl: JobTracker metrics system already initialized!
2024-10-10 22:42:42,631 INFO reduce.MergeManagerImpl: MergerManager: memoryLimit=1336252800, maxSingleShuffleLimit=334063200, mergeThreshold=881926912, ioSortFactor=10, memToMemMergeOutputsThreshold=10
2024-10-10 22:42:42,631 INFO reduce.EventFetcher: attempt_local396782056_0003_r_000000_0 Thread started: EventFetcher for fetching Map Completion Events
2024-10-10 22:42:42,633 INFO reduce.LocalFetcher: localfetcher#3 about to shuffle output of map attempt_local396782056_0003_m_000000_0 decomp: 12895885 len: 12895889 to MEMORY
2024-10-10 22:42:42,637 INFO reduce.InMemoryMapOutput: Read 12895885 bytes from map-output for attempt_local396782056_0003_m_000000_0
2024-10-10 22:42:42,638 INFO reduce.MergeManagerImpl: closeInMemoryFile -> map-output of size: 12895885, inMemoryMapOutputs.size() -> 1, commitMemory -> 0, usedMemory ->12895885
2024-10-10 22:42:42,638 INFO reduce.EventFetcher: EventFetcher is interrupted.. Returning
2024-10-10 22:42:42,639 INFO mapred.LocalJobRunner: 1 / 1 copied.
2024-10-10 22:42:42,639 INFO reduce.MergeManagerImpl: finalMerge called with 1 in-memory map-outputs and 0 on-disk map-outputs
2024-10-10 22:42:42,649 INFO mapred.Merger: Merging 1 sorted segments
2024-10-10 22:42:42,650 INFO mapred.Merger: Down to the last merge-pass, with 1 segments left of total size: 12895874 bytes
2024-10-10 22:42:42,709 INFO reduce.MergeManagerImpl: Merged 1 segments, 12895885 bytes to disk to satisfy reduce memory limit
2024-10-10 22:42:42,710 INFO reduce.MergeManagerImpl: Merging 1 files, 12895889 bytes from disk
2024-10-10 22:42:42,710 INFO reduce.MergeManagerImpl: Merging 0 segments, 0 bytes from memory into reduce
2024-10-10 22:42:42,710 INFO mapred.Merger: Merging 1 sorted segments
2024-10-10 22:42:42,711 INFO mapred.Merger: Down to the last merge-pass, with 1 segments left of total size: 12895874 bytes
2024-10-10 22:42:42,711 INFO mapred.LocalJobRunner: 1 / 1 copied.
2024-10-10 22:42:42,932 INFO mapred.Task: Task:attempt_local396782056_0003_r_000000_0 is done. And is in the process of committing
2024-10-10 22:42:42,933 INFO mapred.LocalJobRunner: 1 / 1 copied.
2024-10-10 22:42:42,933 INFO mapred.Task: Task attempt_local396782056_0003_r_000000_0 is allowed to commit now
2024-10-10 22:42:42,936 INFO output.FileOutputCommitter: Saved output of task 'attempt_local396782056_0003_r_000000_0' to file:/Users/hemanthsukumar/project3/tmp_large/i2
2024-10-10 22:42:42,939 INFO mapred.LocalJobRunner: reduce > reduce
2024-10-10 22:42:42,939 INFO mapred.Task: Task 'attempt_local396782056_0003_r_000000_0' done.
2024-10-10 22:42:42,940 INFO mapred.Task: Final Counters for attempt_local396782056_0003_r_000000_0: Counters: 24
	File System Counters
		FILE: Number of bytes read=111885304
		FILE: Number of bytes written=119396202
		FILE: Number of read operations=0
		FILE: Number of large read operations=0
		FILE: Number of write operations=0
	Map-Reduce Framework
		Combine input records=0
		Combine output records=0
		Reduce input groups=100000
		Reduce shuffle bytes=12895889
		Reduce input records=101705
		Reduce output records=100000
		Spilled Records=101705
		Shuffled Maps =1
		Failed Shuffles=0
		Merged Map outputs=1
		GC time elapsed (ms)=0
		Total committed heap usage (bytes)=736100352
	Shuffle Errors
		BAD_ID=0
		CONNECTION=0
		IO_ERROR=0
		WRONG_LENGTH=0
		WRONG_MAP=0
		WRONG_REDUCE=0
	File Output Format Counters 
		Bytes Written=13514551
2024-10-10 22:42:42,940 INFO mapred.LocalJobRunner: Finishing task: attempt_local396782056_0003_r_000000_0
2024-10-10 22:42:42,940 INFO mapred.LocalJobRunner: reduce task executor complete.
2024-10-10 22:42:43,120 INFO mapreduce.Job: Job job_local396782056_0003 running in uber mode : false
2024-10-10 22:42:43,123 INFO mapreduce.Job:  map 100% reduce 100%
2024-10-10 22:42:43,123 INFO mapreduce.Job: Job job_local396782056_0003 completed successfully
2024-10-10 22:42:43,137 INFO mapreduce.Job: Counters: 30
	File System Counters
		FILE: Number of bytes read=197978798
		FILE: Number of bytes written=212381964
		FILE: Number of read operations=0
		FILE: Number of large read operations=0
		FILE: Number of write operations=0
	Map-Reduce Framework
		Map input records=100000
		Map output records=101705
		Map output bytes=12658254
		Map output materialized bytes=12895889
		Input split bytes=126
		Combine input records=0
		Combine output records=0
		Reduce input groups=100000
		Reduce shuffle bytes=12895889
		Reduce input records=101705
		Reduce output records=100000
		Spilled Records=203410
		Shuffled Maps =1
		Failed Shuffles=0
		Merged Map outputs=1
		GC time elapsed (ms)=1
		Total committed heap usage (bytes)=1472200704
	Shuffle Errors
		BAD_ID=0
		CONNECTION=0
		IO_ERROR=0
		WRONG_LENGTH=0
		WRONG_MAP=0
		WRONG_REDUCE=0
	File Input Format Counters 
		Bytes Read=13514551
	File Output Format Counters 
		Bytes Written=13514551
2024-10-10 22:42:43,149 WARN impl.MetricsSystemImpl: JobTracker metrics system already initialized!
2024-10-10 22:42:43,263 INFO input.FileInputFormat: Total input files to process : 1
2024-10-10 22:42:43,330 INFO mapreduce.JobSubmitter: number of splits:1
2024-10-10 22:42:43,371 INFO mapreduce.JobSubmitter: Submitting tokens for job: job_local641418964_0004
2024-10-10 22:42:43,371 INFO mapreduce.JobSubmitter: Executing with tokens: []
2024-10-10 22:42:43,439 INFO mapreduce.Job: The url to track the job: http://localhost:8080/
2024-10-10 22:42:43,439 INFO mapreduce.Job: Running job: job_local641418964_0004
2024-10-10 22:42:43,441 INFO mapred.LocalJobRunner: OutputCommitter set in config null
2024-10-10 22:42:43,441 INFO output.FileOutputCommitter: File Output Committer Algorithm version is 2
2024-10-10 22:42:43,441 INFO output.FileOutputCommitter: FileOutputCommitter skip cleanup _temporary folders under output directory:false, ignore cleanup failures: false
2024-10-10 22:42:43,443 INFO mapred.LocalJobRunner: OutputCommitter is org.apache.hadoop.mapreduce.lib.output.FileOutputCommitter
2024-10-10 22:42:43,476 INFO mapred.LocalJobRunner: Waiting for map tasks
2024-10-10 22:42:43,476 INFO mapred.LocalJobRunner: Starting task: attempt_local641418964_0004_m_000000_0
2024-10-10 22:42:43,479 INFO output.FileOutputCommitter: File Output Committer Algorithm version is 2
2024-10-10 22:42:43,479 INFO output.FileOutputCommitter: FileOutputCommitter skip cleanup _temporary folders under output directory:false, ignore cleanup failures: false
2024-10-10 22:42:43,480 INFO util.ProcfsBasedProcessTree: ProcfsBasedProcessTree currently is supported only on Linux.
2024-10-10 22:42:43,480 INFO mapred.Task:  Using ResourceCalculatorProcessTree : null
2024-10-10 22:42:43,481 INFO mapred.MapTask: Processing split: file:/Users/hemanthsukumar/project3/tmp_large/i2/part-r-00000:0+13409779
2024-10-10 22:42:43,488 INFO mapred.MapTask: (EQUATOR) 0 kvi 26214396(104857584)
2024-10-10 22:42:43,491 INFO mapred.MapTask: mapreduce.task.io.sort.mb: 100
2024-10-10 22:42:43,491 INFO mapred.MapTask: soft limit at 83886080
2024-10-10 22:42:43,491 INFO mapred.MapTask: bufstart = 0; bufvoid = 104857600
2024-10-10 22:42:43,491 INFO mapred.MapTask: kvstart = 26214396; length = 6553600
2024-10-10 22:42:43,496 INFO mapred.MapTask: Map output collector class = org.apache.hadoop.mapred.MapTask$MapOutputBuffer
2024-10-10 22:42:43,621 INFO mapred.LocalJobRunner: 
2024-10-10 22:42:43,622 INFO mapred.MapTask: Starting flush of map output
2024-10-10 22:42:43,622 INFO mapred.MapTask: Spilling map output
2024-10-10 22:42:43,622 INFO mapred.MapTask: bufstart = 0; bufend = 13224564; bufvoid = 104857600
2024-10-10 22:42:43,622 INFO mapred.MapTask: kvstart = 26214396(104857584); kvend = 25732072(102928288); length = 482325/6553600
2024-10-10 22:42:43,767 INFO mapred.MapTask: Finished spill 0
2024-10-10 22:42:43,784 INFO mapred.Task: Task:attempt_local641418964_0004_m_000000_0 is done. And is in the process of committing
2024-10-10 22:42:43,790 INFO mapred.LocalJobRunner: map
2024-10-10 22:42:43,791 INFO mapred.Task: Task 'attempt_local641418964_0004_m_000000_0' done.
2024-10-10 22:42:43,792 INFO mapred.Task: Final Counters for attempt_local641418964_0004_m_000000_0: Counters: 17
	File System Counters
		FILE: Number of bytes read=125410072
		FILE: Number of bytes written=133457772
		FILE: Number of read operations=0
		FILE: Number of large read operations=0
		FILE: Number of write operations=0
	Map-Reduce Framework
		Map input records=100000
		Map output records=120582
		Map output bytes=13224564
		Map output materialized bytes=13499953
		Input split bytes=126
		Combine input records=0
		Spilled Records=120582
		Failed Shuffles=0
		Merged Map outputs=0
		GC time elapsed (ms)=2
		Total committed heap usage (bytes)=828375040
	File Input Format Counters 
		Bytes Read=13514551
2024-10-10 22:42:43,792 INFO mapred.LocalJobRunner: Finishing task: attempt_local641418964_0004_m_000000_0
2024-10-10 22:42:43,792 INFO mapred.LocalJobRunner: map task executor complete.
2024-10-10 22:42:43,794 INFO mapred.LocalJobRunner: Starting task: attempt_local641418964_0004_r_000000_0
2024-10-10 22:42:43,794 INFO mapred.LocalJobRunner: Waiting for reduce tasks
2024-10-10 22:42:43,802 INFO output.FileOutputCommitter: File Output Committer Algorithm version is 2
2024-10-10 22:42:43,802 INFO output.FileOutputCommitter: FileOutputCommitter skip cleanup _temporary folders under output directory:false, ignore cleanup failures: false
2024-10-10 22:42:43,803 INFO util.ProcfsBasedProcessTree: ProcfsBasedProcessTree currently is supported only on Linux.
2024-10-10 22:42:43,803 INFO mapred.Task:  Using ResourceCalculatorProcessTree : null
2024-10-10 22:42:43,804 INFO mapred.ReduceTask: Using ShuffleConsumerPlugin: org.apache.hadoop.mapreduce.task.reduce.Shuffle@63a18c0d
2024-10-10 22:42:43,804 WARN impl.MetricsSystemImpl: JobTracker metrics system already initialized!
2024-10-10 22:42:43,806 INFO reduce.MergeManagerImpl: MergerManager: memoryLimit=1336252800, maxSingleShuffleLimit=334063200, mergeThreshold=881926912, ioSortFactor=10, memToMemMergeOutputsThreshold=10
2024-10-10 22:42:43,808 INFO reduce.EventFetcher: attempt_local641418964_0004_r_000000_0 Thread started: EventFetcher for fetching Map Completion Events
2024-10-10 22:42:43,811 INFO reduce.LocalFetcher: localfetcher#4 about to shuffle output of map attempt_local641418964_0004_m_000000_0 decomp: 13499949 len: 13499953 to MEMORY
2024-10-10 22:42:43,816 INFO reduce.InMemoryMapOutput: Read 13499949 bytes from map-output for attempt_local641418964_0004_m_000000_0
2024-10-10 22:42:43,816 INFO reduce.MergeManagerImpl: closeInMemoryFile -> map-output of size: 13499949, inMemoryMapOutputs.size() -> 1, commitMemory -> 0, usedMemory ->13499949
2024-10-10 22:42:43,817 INFO reduce.EventFetcher: EventFetcher is interrupted.. Returning
2024-10-10 22:42:43,818 INFO mapred.LocalJobRunner: 1 / 1 copied.
2024-10-10 22:42:43,819 INFO reduce.MergeManagerImpl: finalMerge called with 1 in-memory map-outputs and 0 on-disk map-outputs
2024-10-10 22:42:43,829 INFO mapred.Merger: Merging 1 sorted segments
2024-10-10 22:42:43,829 INFO mapred.Merger: Down to the last merge-pass, with 1 segments left of total size: 13499938 bytes
2024-10-10 22:42:43,887 INFO reduce.MergeManagerImpl: Merged 1 segments, 13499949 bytes to disk to satisfy reduce memory limit
2024-10-10 22:42:43,887 INFO reduce.MergeManagerImpl: Merging 1 files, 13499953 bytes from disk
2024-10-10 22:42:43,887 INFO reduce.MergeManagerImpl: Merging 0 segments, 0 bytes from memory into reduce
2024-10-10 22:42:43,887 INFO mapred.Merger: Merging 1 sorted segments
2024-10-10 22:42:43,888 INFO mapred.Merger: Down to the last merge-pass, with 1 segments left of total size: 13499938 bytes
2024-10-10 22:42:43,888 INFO mapred.LocalJobRunner: 1 / 1 copied.
2024-10-10 22:42:44,070 INFO mapred.Task: Task:attempt_local641418964_0004_r_000000_0 is done. And is in the process of committing
2024-10-10 22:42:44,071 INFO mapred.LocalJobRunner: 1 / 1 copied.
2024-10-10 22:42:44,071 INFO mapred.Task: Task attempt_local641418964_0004_r_000000_0 is allowed to commit now
2024-10-10 22:42:44,071 INFO output.FileOutputCommitter: Saved output of task 'attempt_local641418964_0004_r_000000_0' to file:/Users/hemanthsukumar/project3/tmp_large/i3
2024-10-10 22:42:44,072 INFO mapred.LocalJobRunner: reduce > reduce
2024-10-10 22:42:44,072 INFO mapred.Task: Task 'attempt_local641418964_0004_r_000000_0' done.
2024-10-10 22:42:44,072 INFO mapred.Task: Final Counters for attempt_local641418964_0004_r_000000_0: Counters: 24
	File System Counters
		FILE: Number of bytes read=152410010
		FILE: Number of bytes written=160472276
		FILE: Number of read operations=0
		FILE: Number of large read operations=0
		FILE: Number of write operations=0
	Map-Reduce Framework
		Combine input records=0
		Combine output records=0
		Reduce input groups=100000
		Reduce shuffle bytes=13499953
		Reduce input records=120582
		Reduce output records=100000
		Spilled Records=120582
		Shuffled Maps =1
		Failed Shuffles=0
		Merged Map outputs=1
		GC time elapsed (ms)=0
		Total committed heap usage (bytes)=828375040
	Shuffle Errors
		BAD_ID=0
		CONNECTION=0
		IO_ERROR=0
		WRONG_LENGTH=0
		WRONG_MAP=0
		WRONG_REDUCE=0
	File Output Format Counters 
		Bytes Written=13514551
2024-10-10 22:42:44,072 INFO mapred.LocalJobRunner: Finishing task: attempt_local641418964_0004_r_000000_0
2024-10-10 22:42:44,072 INFO mapred.LocalJobRunner: reduce task executor complete.
2024-10-10 22:42:44,446 INFO mapreduce.Job: Job job_local641418964_0004 running in uber mode : false
2024-10-10 22:42:44,449 INFO mapreduce.Job:  map 100% reduce 100%
2024-10-10 22:42:44,450 INFO mapreduce.Job: Job job_local641418964_0004 completed successfully
2024-10-10 22:42:44,455 INFO mapreduce.Job: Counters: 30
	File System Counters
		FILE: Number of bytes read=277820082
		FILE: Number of bytes written=293930048
		FILE: Number of read operations=0
		FILE: Number of large read operations=0
		FILE: Number of write operations=0
	Map-Reduce Framework
		Map input records=100000
		Map output records=120582
		Map output bytes=13224564
		Map output materialized bytes=13499953
		Input split bytes=126
		Combine input records=0
		Combine output records=0
		Reduce input groups=100000
		Reduce shuffle bytes=13499953
		Reduce input records=120582
		Reduce output records=100000
		Spilled Records=241164
		Shuffled Maps =1
		Failed Shuffles=0
		Merged Map outputs=1
		GC time elapsed (ms)=2
		Total committed heap usage (bytes)=1656750080
	Shuffle Errors
		BAD_ID=0
		CONNECTION=0
		IO_ERROR=0
		WRONG_LENGTH=0
		WRONG_MAP=0
		WRONG_REDUCE=0
	File Input Format Counters 
		Bytes Read=13514551
	File Output Format Counters 
		Bytes Written=13514551
2024-10-10 22:42:44,476 WARN impl.MetricsSystemImpl: JobTracker metrics system already initialized!
2024-10-10 22:42:44,617 INFO input.FileInputFormat: Total input files to process : 1
2024-10-10 22:42:44,688 INFO mapreduce.JobSubmitter: number of splits:1
2024-10-10 22:42:44,732 INFO mapreduce.JobSubmitter: Submitting tokens for job: job_local1330878026_0005
2024-10-10 22:42:44,732 INFO mapreduce.JobSubmitter: Executing with tokens: []
2024-10-10 22:42:44,812 INFO mapreduce.Job: The url to track the job: http://localhost:8080/
2024-10-10 22:42:44,814 INFO mapred.LocalJobRunner: OutputCommitter set in config null
2024-10-10 22:42:44,814 INFO mapreduce.Job: Running job: job_local1330878026_0005
2024-10-10 22:42:44,816 INFO output.FileOutputCommitter: File Output Committer Algorithm version is 2
2024-10-10 22:42:44,816 INFO output.FileOutputCommitter: FileOutputCommitter skip cleanup _temporary folders under output directory:false, ignore cleanup failures: false
2024-10-10 22:42:44,817 INFO mapred.LocalJobRunner: OutputCommitter is org.apache.hadoop.mapreduce.lib.output.FileOutputCommitter
2024-10-10 22:42:44,845 INFO mapred.LocalJobRunner: Waiting for map tasks
2024-10-10 22:42:44,845 INFO mapred.LocalJobRunner: Starting task: attempt_local1330878026_0005_m_000000_0
2024-10-10 22:42:44,848 INFO output.FileOutputCommitter: File Output Committer Algorithm version is 2
2024-10-10 22:42:44,848 INFO output.FileOutputCommitter: FileOutputCommitter skip cleanup _temporary folders under output directory:false, ignore cleanup failures: false
2024-10-10 22:42:44,848 INFO util.ProcfsBasedProcessTree: ProcfsBasedProcessTree currently is supported only on Linux.
2024-10-10 22:42:44,848 INFO mapred.Task:  Using ResourceCalculatorProcessTree : null
2024-10-10 22:42:44,849 INFO mapred.MapTask: Processing split: file:/Users/hemanthsukumar/project3/tmp_large/i3/part-r-00000:0+13409779
2024-10-10 22:42:44,887 INFO mapred.MapTask: (EQUATOR) 0 kvi 26214396(104857584)
2024-10-10 22:42:44,888 INFO mapred.MapTask: mapreduce.task.io.sort.mb: 100
2024-10-10 22:42:44,888 INFO mapred.MapTask: soft limit at 83886080
2024-10-10 22:42:44,888 INFO mapred.MapTask: bufstart = 0; bufvoid = 104857600
2024-10-10 22:42:44,888 INFO mapred.MapTask: kvstart = 26214396; length = 6553600
2024-10-10 22:42:44,888 INFO mapred.MapTask: Map output collector class = org.apache.hadoop.mapred.MapTask$MapOutputBuffer
2024-10-10 22:42:45,141 INFO mapred.LocalJobRunner: 
2024-10-10 22:42:45,143 INFO mapred.MapTask: Starting flush of map output
2024-10-10 22:42:45,143 INFO mapred.MapTask: Spilling map output
2024-10-10 22:42:45,143 INFO mapred.MapTask: bufstart = 0; bufend = 19367724; bufvoid = 104857600
2024-10-10 22:42:45,143 INFO mapred.MapTask: kvstart = 26214396(104857584); kvend = 24912984(99651936); length = 1301413/6553600
2024-10-10 22:42:45,473 INFO mapred.MapTask: Finished spill 0
2024-10-10 22:42:45,488 INFO mapred.Task: Task:attempt_local1330878026_0005_m_000000_0 is done. And is in the process of committing
2024-10-10 22:42:45,492 INFO mapred.LocalJobRunner: map
2024-10-10 22:42:45,492 INFO mapred.Task: Task 'attempt_local1330878026_0005_m_000000_0' done.
2024-10-10 22:42:45,493 INFO mapred.Task: Final Counters for attempt_local1330878026_0005_m_000000_0: Counters: 17
	File System Counters
		FILE: Number of bytes read=165934778
		FILE: Number of bytes written=181089176
		FILE: Number of read operations=0
		FILE: Number of large read operations=0
		FILE: Number of write operations=0
	Map-Reduce Framework
		Map input records=100000
		Map output records=325354
		Map output bytes=19367724
		Map output materialized bytes=20052657
		Input split bytes=126
		Combine input records=0
		Spilled Records=325354
		Failed Shuffles=0
		Merged Map outputs=0
		GC time elapsed (ms)=89
		Total committed heap usage (bytes)=969408512
	File Input Format Counters 
		Bytes Read=13514551
2024-10-10 22:42:45,493 INFO mapred.LocalJobRunner: Finishing task: attempt_local1330878026_0005_m_000000_0
2024-10-10 22:42:45,494 INFO mapred.LocalJobRunner: map task executor complete.
2024-10-10 22:42:45,496 INFO mapred.LocalJobRunner: Starting task: attempt_local1330878026_0005_r_000000_0
2024-10-10 22:42:45,496 INFO mapred.LocalJobRunner: Waiting for reduce tasks
2024-10-10 22:42:45,500 INFO output.FileOutputCommitter: File Output Committer Algorithm version is 2
2024-10-10 22:42:45,500 INFO output.FileOutputCommitter: FileOutputCommitter skip cleanup _temporary folders under output directory:false, ignore cleanup failures: false
2024-10-10 22:42:45,500 INFO util.ProcfsBasedProcessTree: ProcfsBasedProcessTree currently is supported only on Linux.
2024-10-10 22:42:45,500 INFO mapred.Task:  Using ResourceCalculatorProcessTree : null
2024-10-10 22:42:45,500 INFO mapred.ReduceTask: Using ShuffleConsumerPlugin: org.apache.hadoop.mapreduce.task.reduce.Shuffle@2efbcaee
2024-10-10 22:42:45,500 WARN impl.MetricsSystemImpl: JobTracker metrics system already initialized!
2024-10-10 22:42:45,503 INFO reduce.MergeManagerImpl: MergerManager: memoryLimit=1336252800, maxSingleShuffleLimit=334063200, mergeThreshold=881926912, ioSortFactor=10, memToMemMergeOutputsThreshold=10
2024-10-10 22:42:45,503 INFO reduce.EventFetcher: attempt_local1330878026_0005_r_000000_0 Thread started: EventFetcher for fetching Map Completion Events
2024-10-10 22:42:45,506 INFO reduce.LocalFetcher: localfetcher#5 about to shuffle output of map attempt_local1330878026_0005_m_000000_0 decomp: 20052653 len: 20052657 to MEMORY
2024-10-10 22:42:45,515 INFO reduce.InMemoryMapOutput: Read 20052653 bytes from map-output for attempt_local1330878026_0005_m_000000_0
2024-10-10 22:42:45,516 INFO reduce.MergeManagerImpl: closeInMemoryFile -> map-output of size: 20052653, inMemoryMapOutputs.size() -> 1, commitMemory -> 0, usedMemory ->20052653
2024-10-10 22:42:45,517 INFO reduce.EventFetcher: EventFetcher is interrupted.. Returning
2024-10-10 22:42:45,519 INFO mapred.LocalJobRunner: 1 / 1 copied.
2024-10-10 22:42:45,520 INFO reduce.MergeManagerImpl: finalMerge called with 1 in-memory map-outputs and 0 on-disk map-outputs
2024-10-10 22:42:45,542 INFO mapred.Merger: Merging 1 sorted segments
2024-10-10 22:42:45,542 INFO mapred.Merger: Down to the last merge-pass, with 1 segments left of total size: 20052643 bytes
2024-10-10 22:42:45,646 INFO reduce.MergeManagerImpl: Merged 1 segments, 20052653 bytes to disk to satisfy reduce memory limit
2024-10-10 22:42:45,646 INFO reduce.MergeManagerImpl: Merging 1 files, 20052657 bytes from disk
2024-10-10 22:42:45,646 INFO reduce.MergeManagerImpl: Merging 0 segments, 0 bytes from memory into reduce
2024-10-10 22:42:45,646 INFO mapred.Merger: Merging 1 sorted segments
2024-10-10 22:42:45,647 INFO mapred.Merger: Down to the last merge-pass, with 1 segments left of total size: 20052643 bytes
2024-10-10 22:42:45,647 INFO mapred.LocalJobRunner: 1 / 1 copied.
2024-10-10 22:42:45,816 INFO mapreduce.Job: Job job_local1330878026_0005 running in uber mode : false
2024-10-10 22:42:45,817 INFO mapreduce.Job:  map 100% reduce 0%
2024-10-10 22:42:45,886 INFO mapred.Task: Task:attempt_local1330878026_0005_r_000000_0 is done. And is in the process of committing
2024-10-10 22:42:45,887 INFO mapred.LocalJobRunner: 1 / 1 copied.
2024-10-10 22:42:45,887 INFO mapred.Task: Task attempt_local1330878026_0005_r_000000_0 is allowed to commit now
2024-10-10 22:42:45,889 INFO output.FileOutputCommitter: Saved output of task 'attempt_local1330878026_0005_r_000000_0' to file:/Users/hemanthsukumar/project3/tmp_large/i4
2024-10-10 22:42:45,889 INFO mapred.LocalJobRunner: reduce > reduce
2024-10-10 22:42:45,889 INFO mapred.Task: Task 'attempt_local1330878026_0005_r_000000_0' done.
2024-10-10 22:42:45,890 INFO mapred.Task: Final Counters for attempt_local1330878026_0005_r_000000_0: Counters: 24
	File System Counters
		FILE: Number of bytes read=206040124
		FILE: Number of bytes written=214656384
		FILE: Number of read operations=0
		FILE: Number of large read operations=0
		FILE: Number of write operations=0
	Map-Reduce Framework
		Combine input records=0
		Combine output records=0
		Reduce input groups=100000
		Reduce shuffle bytes=20052657
		Reduce input records=325354
		Reduce output records=100000
		Spilled Records=325354
		Shuffled Maps =1
		Failed Shuffles=0
		Merged Map outputs=1
		GC time elapsed (ms)=0
		Total committed heap usage (bytes)=969408512
	Shuffle Errors
		BAD_ID=0
		CONNECTION=0
		IO_ERROR=0
		WRONG_LENGTH=0
		WRONG_MAP=0
		WRONG_REDUCE=0
	File Output Format Counters 
		Bytes Written=13514551
2024-10-10 22:42:45,890 INFO mapred.LocalJobRunner: Finishing task: attempt_local1330878026_0005_r_000000_0
2024-10-10 22:42:45,890 INFO mapred.LocalJobRunner: reduce task executor complete.
2024-10-10 22:42:46,824 INFO mapreduce.Job:  map 100% reduce 100%
2024-10-10 22:42:46,826 INFO mapreduce.Job: Job job_local1330878026_0005 completed successfully
2024-10-10 22:42:46,843 INFO mapreduce.Job: Counters: 30
	File System Counters
		FILE: Number of bytes read=371974902
		FILE: Number of bytes written=395745560
		FILE: Number of read operations=0
		FILE: Number of large read operations=0
		FILE: Number of write operations=0
	Map-Reduce Framework
		Map input records=100000
		Map output records=325354
		Map output bytes=19367724
		Map output materialized bytes=20052657
		Input split bytes=126
		Combine input records=0
		Combine output records=0
		Reduce input groups=100000
		Reduce shuffle bytes=20052657
		Reduce input records=325354
		Reduce output records=100000
		Spilled Records=650708
		Shuffled Maps =1
		Failed Shuffles=0
		Merged Map outputs=1
		GC time elapsed (ms)=89
		Total committed heap usage (bytes)=1938817024
	Shuffle Errors
		BAD_ID=0
		CONNECTION=0
		IO_ERROR=0
		WRONG_LENGTH=0
		WRONG_MAP=0
		WRONG_REDUCE=0
	File Input Format Counters 
		Bytes Read=13514551
	File Output Format Counters 
		Bytes Written=13514551
2024-10-10 22:42:46,849 WARN impl.MetricsSystemImpl: JobTracker metrics system already initialized!
2024-10-10 22:42:46,984 INFO input.FileInputFormat: Total input files to process : 1
2024-10-10 22:42:47,055 INFO mapreduce.JobSubmitter: number of splits:1
2024-10-10 22:42:47,100 INFO mapreduce.JobSubmitter: Submitting tokens for job: job_local341316941_0006
2024-10-10 22:42:47,100 INFO mapreduce.JobSubmitter: Executing with tokens: []
2024-10-10 22:42:47,171 INFO mapreduce.Job: The url to track the job: http://localhost:8080/
2024-10-10 22:42:47,173 INFO mapreduce.Job: Running job: job_local341316941_0006
2024-10-10 22:42:47,173 INFO mapred.LocalJobRunner: OutputCommitter set in config null
2024-10-10 22:42:47,177 INFO output.FileOutputCommitter: File Output Committer Algorithm version is 2
2024-10-10 22:42:47,177 INFO output.FileOutputCommitter: FileOutputCommitter skip cleanup _temporary folders under output directory:false, ignore cleanup failures: false
2024-10-10 22:42:47,177 INFO mapred.LocalJobRunner: OutputCommitter is org.apache.hadoop.mapreduce.lib.output.FileOutputCommitter
2024-10-10 22:42:47,206 INFO mapred.LocalJobRunner: Waiting for map tasks
2024-10-10 22:42:47,206 INFO mapred.LocalJobRunner: Starting task: attempt_local341316941_0006_m_000000_0
2024-10-10 22:42:47,209 INFO output.FileOutputCommitter: File Output Committer Algorithm version is 2
2024-10-10 22:42:47,210 INFO output.FileOutputCommitter: FileOutputCommitter skip cleanup _temporary folders under output directory:false, ignore cleanup failures: false
2024-10-10 22:42:47,211 INFO util.ProcfsBasedProcessTree: ProcfsBasedProcessTree currently is supported only on Linux.
2024-10-10 22:42:47,212 INFO mapred.Task:  Using ResourceCalculatorProcessTree : null
2024-10-10 22:42:47,212 INFO mapred.MapTask: Processing split: file:/Users/hemanthsukumar/project3/tmp_large/i4/part-r-00000:0+13409779
2024-10-10 22:42:47,254 INFO mapred.MapTask: (EQUATOR) 0 kvi 26214396(104857584)
2024-10-10 22:42:47,254 INFO mapred.MapTask: mapreduce.task.io.sort.mb: 100
2024-10-10 22:42:47,254 INFO mapred.MapTask: soft limit at 83886080
2024-10-10 22:42:47,254 INFO mapred.MapTask: bufstart = 0; bufvoid = 104857600
2024-10-10 22:42:47,254 INFO mapred.MapTask: kvstart = 26214396; length = 6553600
2024-10-10 22:42:47,255 INFO mapred.MapTask: Map output collector class = org.apache.hadoop.mapred.MapTask$MapOutputBuffer
2024-10-10 22:42:47,598 INFO mapred.LocalJobRunner: 
2024-10-10 22:42:47,598 INFO mapred.MapTask: Starting flush of map output
2024-10-10 22:42:47,599 INFO mapred.MapTask: Spilling map output
2024-10-10 22:42:47,599 INFO mapred.MapTask: bufstart = 0; bufend = 44998344; bufvoid = 104857600
2024-10-10 22:42:47,599 INFO mapred.MapTask: kvstart = 26214396(104857584); kvend = 21495568(85982272); length = 4718829/6553600
2024-10-10 22:42:48,180 INFO mapreduce.Job: Job job_local341316941_0006 running in uber mode : false
2024-10-10 22:42:48,180 INFO mapreduce.Job:  map 0% reduce 0%
2024-10-10 22:42:48,714 INFO mapred.MapTask: Finished spill 0
2024-10-10 22:42:48,729 INFO mapred.Task: Task:attempt_local341316941_0006_m_000000_0 is done. And is in the process of committing
2024-10-10 22:42:48,731 INFO mapred.LocalJobRunner: map
2024-10-10 22:42:48,731 INFO mapred.Task: Task 'attempt_local341316941_0006_m_000000_0' done.
2024-10-10 22:42:48,731 INFO mapred.Task: Final Counters for attempt_local341316941_0006_m_000000_0: Counters: 17
	File System Counters
		FILE: Number of bytes read=219564892
		FILE: Number of bytes written=262609986
		FILE: Number of read operations=0
		FILE: Number of large read operations=0
		FILE: Number of write operations=0
	Map-Reduce Framework
		Map input records=100000
		Map output records=1179708
		Map output bytes=44998344
		Map output materialized bytes=47391985
		Input split bytes=126
		Combine input records=0
		Spilled Records=1179708
		Failed Shuffles=0
		Merged Map outputs=0
		GC time elapsed (ms)=0
		Total committed heap usage (bytes)=969408512
	File Input Format Counters 
		Bytes Read=13514551
2024-10-10 22:42:48,731 INFO mapred.LocalJobRunner: Finishing task: attempt_local341316941_0006_m_000000_0
2024-10-10 22:42:48,731 INFO mapred.LocalJobRunner: map task executor complete.
2024-10-10 22:42:48,734 INFO mapred.LocalJobRunner: Waiting for reduce tasks
2024-10-10 22:42:48,734 INFO mapred.LocalJobRunner: Starting task: attempt_local341316941_0006_r_000000_0
2024-10-10 22:42:48,736 INFO output.FileOutputCommitter: File Output Committer Algorithm version is 2
2024-10-10 22:42:48,736 INFO output.FileOutputCommitter: FileOutputCommitter skip cleanup _temporary folders under output directory:false, ignore cleanup failures: false
2024-10-10 22:42:48,737 INFO util.ProcfsBasedProcessTree: ProcfsBasedProcessTree currently is supported only on Linux.
2024-10-10 22:42:48,737 INFO mapred.Task:  Using ResourceCalculatorProcessTree : null
2024-10-10 22:42:48,737 INFO mapred.ReduceTask: Using ShuffleConsumerPlugin: org.apache.hadoop.mapreduce.task.reduce.Shuffle@713f568a
2024-10-10 22:42:48,737 WARN impl.MetricsSystemImpl: JobTracker metrics system already initialized!
2024-10-10 22:42:48,742 INFO reduce.MergeManagerImpl: MergerManager: memoryLimit=1336252800, maxSingleShuffleLimit=334063200, mergeThreshold=881926912, ioSortFactor=10, memToMemMergeOutputsThreshold=10
2024-10-10 22:42:48,743 INFO reduce.EventFetcher: attempt_local341316941_0006_r_000000_0 Thread started: EventFetcher for fetching Map Completion Events
2024-10-10 22:42:48,748 INFO reduce.LocalFetcher: localfetcher#6 about to shuffle output of map attempt_local341316941_0006_m_000000_0 decomp: 47391981 len: 47391985 to MEMORY
2024-10-10 22:42:48,772 INFO reduce.InMemoryMapOutput: Read 47391981 bytes from map-output for attempt_local341316941_0006_m_000000_0
2024-10-10 22:42:48,773 INFO reduce.MergeManagerImpl: closeInMemoryFile -> map-output of size: 47391981, inMemoryMapOutputs.size() -> 1, commitMemory -> 0, usedMemory ->47391981
2024-10-10 22:42:48,775 INFO reduce.EventFetcher: EventFetcher is interrupted.. Returning
2024-10-10 22:42:48,776 INFO mapred.LocalJobRunner: 1 / 1 copied.
2024-10-10 22:42:48,777 INFO reduce.MergeManagerImpl: finalMerge called with 1 in-memory map-outputs and 0 on-disk map-outputs
2024-10-10 22:42:48,793 INFO mapred.Merger: Merging 1 sorted segments
2024-10-10 22:42:48,794 INFO mapred.Merger: Down to the last merge-pass, with 1 segments left of total size: 47391971 bytes
2024-10-10 22:42:49,106 INFO reduce.MergeManagerImpl: Merged 1 segments, 47391981 bytes to disk to satisfy reduce memory limit
2024-10-10 22:42:49,108 INFO reduce.MergeManagerImpl: Merging 1 files, 47391985 bytes from disk
2024-10-10 22:42:49,108 INFO reduce.MergeManagerImpl: Merging 0 segments, 0 bytes from memory into reduce
2024-10-10 22:42:49,108 INFO mapred.Merger: Merging 1 sorted segments
2024-10-10 22:42:49,109 INFO mapred.Merger: Down to the last merge-pass, with 1 segments left of total size: 47391971 bytes
2024-10-10 22:42:49,110 INFO mapred.LocalJobRunner: 1 / 1 copied.
2024-10-10 22:42:49,186 INFO mapreduce.Job:  map 100% reduce 0%
2024-10-10 22:42:49,595 INFO mapred.Task: Task:attempt_local341316941_0006_r_000000_0 is done. And is in the process of committing
2024-10-10 22:42:49,596 INFO mapred.LocalJobRunner: 1 / 1 copied.
2024-10-10 22:42:49,596 INFO mapred.Task: Task attempt_local341316941_0006_r_000000_0 is allowed to commit now
2024-10-10 22:42:49,597 INFO output.FileOutputCommitter: Saved output of task 'attempt_local341316941_0006_r_000000_0' to file:/Users/hemanthsukumar/project3/tmp_large/i5
2024-10-10 22:42:49,597 INFO mapred.LocalJobRunner: reduce > reduce
2024-10-10 22:42:49,597 INFO mapred.Task: Task 'attempt_local341316941_0006_r_000000_0' done.
2024-10-10 22:42:49,598 INFO mapred.Task: Final Counters for attempt_local341316941_0006_r_000000_0: Counters: 24
	File System Counters
		FILE: Number of bytes read=314348894
		FILE: Number of bytes written=323516522
		FILE: Number of read operations=0
		FILE: Number of large read operations=0
		FILE: Number of write operations=0
	Map-Reduce Framework
		Combine input records=0
		Combine output records=0
		Reduce input groups=100000
		Reduce shuffle bytes=47391985
		Reduce input records=1179708
		Reduce output records=100000
		Spilled Records=1179708
		Shuffled Maps =1
		Failed Shuffles=0
		Merged Map outputs=1
		GC time elapsed (ms)=1
		Total committed heap usage (bytes)=969408512
	Shuffle Errors
		BAD_ID=0
		CONNECTION=0
		IO_ERROR=0
		WRONG_LENGTH=0
		WRONG_MAP=0
		WRONG_REDUCE=0
	File Output Format Counters 
		Bytes Written=13514551
2024-10-10 22:42:49,598 INFO mapred.LocalJobRunner: Finishing task: attempt_local341316941_0006_r_000000_0
2024-10-10 22:42:49,599 INFO mapred.LocalJobRunner: reduce task executor complete.
2024-10-10 22:42:50,193 INFO mapreduce.Job:  map 100% reduce 100%
2024-10-10 22:42:50,196 INFO mapreduce.Job: Job job_local341316941_0006 completed successfully
2024-10-10 22:42:50,213 INFO mapreduce.Job: Counters: 30
	File System Counters
		FILE: Number of bytes read=533913786
		FILE: Number of bytes written=586126508
		FILE: Number of read operations=0
		FILE: Number of large read operations=0
		FILE: Number of write operations=0
	Map-Reduce Framework
		Map input records=100000
		Map output records=1179708
		Map output bytes=44998344
		Map output materialized bytes=47391985
		Input split bytes=126
		Combine input records=0
		Combine output records=0
		Reduce input groups=100000
		Reduce shuffle bytes=47391985
		Reduce input records=1179708
		Reduce output records=100000
		Spilled Records=2359416
		Shuffled Maps =1
		Failed Shuffles=0
		Merged Map outputs=1
		GC time elapsed (ms)=1
		Total committed heap usage (bytes)=1938817024
	Shuffle Errors
		BAD_ID=0
		CONNECTION=0
		IO_ERROR=0
		WRONG_LENGTH=0
		WRONG_MAP=0
		WRONG_REDUCE=0
	File Input Format Counters 
		Bytes Read=13514551
	File Output Format Counters 
		Bytes Written=13514551
2024-10-10 22:42:50,227 WARN impl.MetricsSystemImpl: JobTracker metrics system already initialized!
2024-10-10 22:42:50,363 INFO input.FileInputFormat: Total input files to process : 1
2024-10-10 22:42:50,435 INFO mapreduce.JobSubmitter: number of splits:1
2024-10-10 22:42:50,477 INFO mapreduce.JobSubmitter: Submitting tokens for job: job_local496166171_0007
2024-10-10 22:42:50,477 INFO mapreduce.JobSubmitter: Executing with tokens: []
2024-10-10 22:42:50,542 INFO mapreduce.Job: The url to track the job: http://localhost:8080/
2024-10-10 22:42:50,543 INFO mapreduce.Job: Running job: job_local496166171_0007
2024-10-10 22:42:50,543 INFO mapred.LocalJobRunner: OutputCommitter set in config null
2024-10-10 22:42:50,544 INFO output.FileOutputCommitter: File Output Committer Algorithm version is 2
2024-10-10 22:42:50,545 INFO output.FileOutputCommitter: FileOutputCommitter skip cleanup _temporary folders under output directory:false, ignore cleanup failures: false
2024-10-10 22:42:50,545 INFO mapred.LocalJobRunner: OutputCommitter is org.apache.hadoop.mapreduce.lib.output.FileOutputCommitter
2024-10-10 22:42:50,572 INFO mapred.LocalJobRunner: Waiting for map tasks
2024-10-10 22:42:50,573 INFO mapred.LocalJobRunner: Starting task: attempt_local496166171_0007_m_000000_0
2024-10-10 22:42:50,576 INFO output.FileOutputCommitter: File Output Committer Algorithm version is 2
2024-10-10 22:42:50,576 INFO output.FileOutputCommitter: FileOutputCommitter skip cleanup _temporary folders under output directory:false, ignore cleanup failures: false
2024-10-10 22:42:50,576 INFO util.ProcfsBasedProcessTree: ProcfsBasedProcessTree currently is supported only on Linux.
2024-10-10 22:42:50,576 INFO mapred.Task:  Using ResourceCalculatorProcessTree : null
2024-10-10 22:42:50,577 INFO mapred.MapTask: Processing split: file:/Users/hemanthsukumar/project3/tmp_large/i5/part-r-00000:0+13409779
2024-10-10 22:42:50,582 INFO mapred.MapTask: (EQUATOR) 0 kvi 26214396(104857584)
2024-10-10 22:42:50,582 INFO mapred.MapTask: mapreduce.task.io.sort.mb: 100
2024-10-10 22:42:50,582 INFO mapred.MapTask: soft limit at 83886080
2024-10-10 22:42:50,582 INFO mapred.MapTask: bufstart = 0; bufvoid = 104857600
2024-10-10 22:42:50,582 INFO mapred.MapTask: kvstart = 26214396; length = 6553600
2024-10-10 22:42:50,583 INFO mapred.MapTask: Map output collector class = org.apache.hadoop.mapred.MapTask$MapOutputBuffer
2024-10-10 22:42:50,993 INFO mapred.LocalJobRunner: 
2024-10-10 22:42:50,995 INFO mapred.MapTask: Starting flush of map output
2024-10-10 22:42:50,995 INFO mapred.MapTask: Spilling map output
2024-10-10 22:42:50,995 INFO mapred.MapTask: bufstart = 0; bufend = 48633234; bufvoid = 104857600
2024-10-10 22:42:50,995 INFO mapred.MapTask: kvstart = 26214396(104857584); kvend = 21010916(84043664); length = 5203481/6553600
2024-10-10 22:42:51,550 INFO mapreduce.Job: Job job_local496166171_0007 running in uber mode : false
2024-10-10 22:42:51,550 INFO mapreduce.Job:  map 0% reduce 0%
2024-10-10 22:42:52,241 INFO mapred.MapTask: Finished spill 0
2024-10-10 22:42:52,256 INFO mapred.Task: Task:attempt_local496166171_0007_m_000000_0 is done. And is in the process of committing
2024-10-10 22:42:52,258 INFO mapred.LocalJobRunner: map
2024-10-10 22:42:52,258 INFO mapred.Task: Task 'attempt_local496166171_0007_m_000000_0' done.
2024-10-10 22:42:52,259 INFO mapred.Task: Final Counters for attempt_local496166171_0007_m_000000_0: Counters: 17
	File System Counters
		FILE: Number of bytes read=327873662
		FILE: Number of bytes written=375347340
		FILE: Number of read operations=0
		FILE: Number of large read operations=0
		FILE: Number of write operations=0
	Map-Reduce Framework
		Map input records=100000
		Map output records=1300871
		Map output bytes=48633234
		Map output materialized bytes=51269201
		Input split bytes=126
		Combine input records=0
		Spilled Records=1300871
		Failed Shuffles=0
		Merged Map outputs=0
		GC time elapsed (ms)=62
		Total committed heap usage (bytes)=1112014848
	File Input Format Counters 
		Bytes Read=13514551
2024-10-10 22:42:52,259 INFO mapred.LocalJobRunner: Finishing task: attempt_local496166171_0007_m_000000_0
2024-10-10 22:42:52,260 INFO mapred.LocalJobRunner: map task executor complete.
2024-10-10 22:42:52,262 INFO mapred.LocalJobRunner: Waiting for reduce tasks
2024-10-10 22:42:52,263 INFO mapred.LocalJobRunner: Starting task: attempt_local496166171_0007_r_000000_0
2024-10-10 22:42:52,265 INFO output.FileOutputCommitter: File Output Committer Algorithm version is 2
2024-10-10 22:42:52,265 INFO output.FileOutputCommitter: FileOutputCommitter skip cleanup _temporary folders under output directory:false, ignore cleanup failures: false
2024-10-10 22:42:52,265 INFO util.ProcfsBasedProcessTree: ProcfsBasedProcessTree currently is supported only on Linux.
2024-10-10 22:42:52,265 INFO mapred.Task:  Using ResourceCalculatorProcessTree : null
2024-10-10 22:42:52,265 INFO mapred.ReduceTask: Using ShuffleConsumerPlugin: org.apache.hadoop.mapreduce.task.reduce.Shuffle@139e96f4
2024-10-10 22:42:52,265 WARN impl.MetricsSystemImpl: JobTracker metrics system already initialized!
2024-10-10 22:42:52,267 INFO reduce.MergeManagerImpl: MergerManager: memoryLimit=1336252800, maxSingleShuffleLimit=334063200, mergeThreshold=881926912, ioSortFactor=10, memToMemMergeOutputsThreshold=10
2024-10-10 22:42:52,267 INFO reduce.EventFetcher: attempt_local496166171_0007_r_000000_0 Thread started: EventFetcher for fetching Map Completion Events
2024-10-10 22:42:52,272 INFO reduce.LocalFetcher: localfetcher#7 about to shuffle output of map attempt_local496166171_0007_m_000000_0 decomp: 51269197 len: 51269201 to MEMORY
2024-10-10 22:42:52,299 INFO reduce.InMemoryMapOutput: Read 51269197 bytes from map-output for attempt_local496166171_0007_m_000000_0
2024-10-10 22:42:52,299 INFO reduce.MergeManagerImpl: closeInMemoryFile -> map-output of size: 51269197, inMemoryMapOutputs.size() -> 1, commitMemory -> 0, usedMemory ->51269197
2024-10-10 22:42:52,300 INFO reduce.EventFetcher: EventFetcher is interrupted.. Returning
2024-10-10 22:42:52,301 INFO mapred.LocalJobRunner: 1 / 1 copied.
2024-10-10 22:42:52,301 INFO reduce.MergeManagerImpl: finalMerge called with 1 in-memory map-outputs and 0 on-disk map-outputs
2024-10-10 22:42:52,314 INFO mapred.Merger: Merging 1 sorted segments
2024-10-10 22:42:52,314 INFO mapred.Merger: Down to the last merge-pass, with 1 segments left of total size: 51269187 bytes
2024-10-10 22:42:52,556 INFO mapreduce.Job:  map 100% reduce 0%
2024-10-10 22:42:52,654 INFO reduce.MergeManagerImpl: Merged 1 segments, 51269197 bytes to disk to satisfy reduce memory limit
2024-10-10 22:42:52,654 INFO reduce.MergeManagerImpl: Merging 1 files, 51269201 bytes from disk
2024-10-10 22:42:52,654 INFO reduce.MergeManagerImpl: Merging 0 segments, 0 bytes from memory into reduce
2024-10-10 22:42:52,654 INFO mapred.Merger: Merging 1 sorted segments
2024-10-10 22:42:52,655 INFO mapred.Merger: Down to the last merge-pass, with 1 segments left of total size: 51269187 bytes
2024-10-10 22:42:52,655 INFO mapred.LocalJobRunner: 1 / 1 copied.
2024-10-10 22:42:53,176 INFO mapred.Task: Task:attempt_local496166171_0007_r_000000_0 is done. And is in the process of committing
2024-10-10 22:42:53,178 INFO mapred.LocalJobRunner: 1 / 1 copied.
2024-10-10 22:42:53,178 INFO mapred.Task: Task attempt_local496166171_0007_r_000000_0 is allowed to commit now
2024-10-10 22:42:53,179 INFO output.FileOutputCommitter: Saved output of task 'attempt_local496166171_0007_r_000000_0' to file:/Users/hemanthsukumar/project3/tmp_large/i6
2024-10-10 22:42:53,181 INFO mapred.LocalJobRunner: reduce > reduce
2024-10-10 22:42:53,181 INFO mapred.Task: Task 'attempt_local496166171_0007_r_000000_0' done.
2024-10-10 22:42:53,182 INFO mapred.Task: Final Counters for attempt_local496166171_0007_r_000000_0: Counters: 24
	File System Counters
		FILE: Number of bytes read=430412096
		FILE: Number of bytes written=440131092
		FILE: Number of read operations=0
		FILE: Number of large read operations=0
		FILE: Number of write operations=0
	Map-Reduce Framework
		Combine input records=0
		Combine output records=0
		Reduce input groups=100000
		Reduce shuffle bytes=51269201
		Reduce input records=1300871
		Reduce output records=100000
		Spilled Records=1300871
		Shuffled Maps =1
		Failed Shuffles=0
		Merged Map outputs=1
		GC time elapsed (ms)=0
		Total committed heap usage (bytes)=1112014848
	Shuffle Errors
		BAD_ID=0
		CONNECTION=0
		IO_ERROR=0
		WRONG_LENGTH=0
		WRONG_MAP=0
		WRONG_REDUCE=0
	File Output Format Counters 
		Bytes Written=13514551
2024-10-10 22:42:53,182 INFO mapred.LocalJobRunner: Finishing task: attempt_local496166171_0007_r_000000_0
2024-10-10 22:42:53,183 INFO mapred.LocalJobRunner: reduce task executor complete.
2024-10-10 22:42:53,566 INFO mapreduce.Job:  map 100% reduce 100%
2024-10-10 22:42:53,579 INFO mapreduce.Job: Job job_local496166171_0007 completed successfully
2024-10-10 22:42:53,594 INFO mapreduce.Job: Counters: 30
	File System Counters
		FILE: Number of bytes read=758285758
		FILE: Number of bytes written=815478432
		FILE: Number of read operations=0
		FILE: Number of large read operations=0
		FILE: Number of write operations=0
	Map-Reduce Framework
		Map input records=100000
		Map output records=1300871
		Map output bytes=48633234
		Map output materialized bytes=51269201
		Input split bytes=126
		Combine input records=0
		Combine output records=0
		Reduce input groups=100000
		Reduce shuffle bytes=51269201
		Reduce input records=1300871
		Reduce output records=100000
		Spilled Records=2601742
		Shuffled Maps =1
		Failed Shuffles=0
		Merged Map outputs=1
		GC time elapsed (ms)=62
		Total committed heap usage (bytes)=2224029696
	Shuffle Errors
		BAD_ID=0
		CONNECTION=0
		IO_ERROR=0
		WRONG_LENGTH=0
		WRONG_MAP=0
		WRONG_REDUCE=0
	File Input Format Counters 
		Bytes Read=13514551
	File Output Format Counters 
		Bytes Written=13514551
2024-10-10 22:42:53,607 WARN impl.MetricsSystemImpl: JobTracker metrics system already initialized!
2024-10-10 22:42:53,729 INFO input.FileInputFormat: Total input files to process : 1
2024-10-10 22:42:53,793 INFO mapreduce.JobSubmitter: number of splits:1
2024-10-10 22:42:53,834 INFO mapreduce.JobSubmitter: Submitting tokens for job: job_local1849600764_0008
2024-10-10 22:42:53,834 INFO mapreduce.JobSubmitter: Executing with tokens: []
2024-10-10 22:42:53,901 INFO mapreduce.Job: The url to track the job: http://localhost:8080/
2024-10-10 22:42:53,901 INFO mapreduce.Job: Running job: job_local1849600764_0008
2024-10-10 22:42:53,901 INFO mapred.LocalJobRunner: OutputCommitter set in config null
2024-10-10 22:42:53,902 INFO output.FileOutputCommitter: File Output Committer Algorithm version is 2
2024-10-10 22:42:53,902 INFO output.FileOutputCommitter: FileOutputCommitter skip cleanup _temporary folders under output directory:false, ignore cleanup failures: false
2024-10-10 22:42:53,903 INFO mapred.LocalJobRunner: OutputCommitter is org.apache.hadoop.mapreduce.lib.output.FileOutputCommitter
2024-10-10 22:42:53,928 INFO mapred.LocalJobRunner: Starting task: attempt_local1849600764_0008_m_000000_0
2024-10-10 22:42:53,928 INFO mapred.LocalJobRunner: Waiting for map tasks
2024-10-10 22:42:53,930 INFO output.FileOutputCommitter: File Output Committer Algorithm version is 2
2024-10-10 22:42:53,930 INFO output.FileOutputCommitter: FileOutputCommitter skip cleanup _temporary folders under output directory:false, ignore cleanup failures: false
2024-10-10 22:42:53,930 INFO util.ProcfsBasedProcessTree: ProcfsBasedProcessTree currently is supported only on Linux.
2024-10-10 22:42:53,930 INFO mapred.Task:  Using ResourceCalculatorProcessTree : null
2024-10-10 22:42:53,932 INFO mapred.MapTask: Processing split: file:/Users/hemanthsukumar/project3/tmp_large/i6/part-r-00000:0+13409779
2024-10-10 22:42:53,937 INFO mapred.MapTask: (EQUATOR) 0 kvi 26214396(104857584)
2024-10-10 22:42:53,937 INFO mapred.MapTask: mapreduce.task.io.sort.mb: 100
2024-10-10 22:42:53,937 INFO mapred.MapTask: soft limit at 83886080
2024-10-10 22:42:53,937 INFO mapred.MapTask: bufstart = 0; bufvoid = 104857600
2024-10-10 22:42:53,937 INFO mapred.MapTask: kvstart = 26214396; length = 6553600
2024-10-10 22:42:53,937 INFO mapred.MapTask: Map output collector class = org.apache.hadoop.mapred.MapTask$MapOutputBuffer
2024-10-10 22:42:54,284 INFO mapred.LocalJobRunner: 
2024-10-10 22:42:54,287 INFO mapred.MapTask: Starting flush of map output
2024-10-10 22:42:54,287 INFO mapred.MapTask: Spilling map output
2024-10-10 22:42:54,287 INFO mapred.MapTask: bufstart = 0; bufend = 48633744; bufvoid = 104857600
2024-10-10 22:42:54,287 INFO mapred.MapTask: kvstart = 26214396(104857584); kvend = 21010848(84043392); length = 5203549/6553600
2024-10-10 22:42:54,906 INFO mapreduce.Job: Job job_local1849600764_0008 running in uber mode : false
2024-10-10 22:42:54,909 INFO mapreduce.Job:  map 0% reduce 0%
2024-10-10 22:42:55,524 INFO mapred.MapTask: Finished spill 0
2024-10-10 22:42:55,540 INFO mapred.Task: Task:attempt_local1849600764_0008_m_000000_0 is done. And is in the process of committing
2024-10-10 22:42:55,541 INFO mapred.LocalJobRunner: map
2024-10-10 22:42:55,541 INFO mapred.Task: Task 'attempt_local1849600764_0008_m_000000_0' done.
2024-10-10 22:42:55,543 INFO mapred.Task: Final Counters for attempt_local1849600764_0008_m_000000_0: Counters: 17
	File System Counters
		FILE: Number of bytes read=443936864
		FILE: Number of bytes written=491965080
		FILE: Number of read operations=0
		FILE: Number of large read operations=0
		FILE: Number of write operations=0
	Map-Reduce Framework
		Map input records=100000
		Map output records=1300888
		Map output bytes=48633744
		Map output materialized bytes=51269745
		Input split bytes=126
		Combine input records=0
		Spilled Records=1300888
		Failed Shuffles=0
		Merged Map outputs=0
		GC time elapsed (ms)=0
		Total committed heap usage (bytes)=1112014848
	File Input Format Counters 
		Bytes Read=13514551
2024-10-10 22:42:55,543 INFO mapred.LocalJobRunner: Finishing task: attempt_local1849600764_0008_m_000000_0
2024-10-10 22:42:55,543 INFO mapred.LocalJobRunner: map task executor complete.
2024-10-10 22:42:55,544 INFO mapred.LocalJobRunner: Starting task: attempt_local1849600764_0008_r_000000_0
2024-10-10 22:42:55,545 INFO mapred.LocalJobRunner: Waiting for reduce tasks
2024-10-10 22:42:55,546 INFO output.FileOutputCommitter: File Output Committer Algorithm version is 2
2024-10-10 22:42:55,546 INFO output.FileOutputCommitter: FileOutputCommitter skip cleanup _temporary folders under output directory:false, ignore cleanup failures: false
2024-10-10 22:42:55,547 INFO util.ProcfsBasedProcessTree: ProcfsBasedProcessTree currently is supported only on Linux.
2024-10-10 22:42:55,547 INFO mapred.Task:  Using ResourceCalculatorProcessTree : null
2024-10-10 22:42:55,547 INFO mapred.ReduceTask: Using ShuffleConsumerPlugin: org.apache.hadoop.mapreduce.task.reduce.Shuffle@459ecd8
2024-10-10 22:42:55,547 WARN impl.MetricsSystemImpl: JobTracker metrics system already initialized!
2024-10-10 22:42:55,547 INFO reduce.MergeManagerImpl: MergerManager: memoryLimit=1336252800, maxSingleShuffleLimit=334063200, mergeThreshold=881926912, ioSortFactor=10, memToMemMergeOutputsThreshold=10
2024-10-10 22:42:55,548 INFO reduce.EventFetcher: attempt_local1849600764_0008_r_000000_0 Thread started: EventFetcher for fetching Map Completion Events
2024-10-10 22:42:55,568 INFO reduce.LocalFetcher: localfetcher#8 about to shuffle output of map attempt_local1849600764_0008_m_000000_0 decomp: 51269741 len: 51269745 to MEMORY
2024-10-10 22:42:55,579 INFO reduce.InMemoryMapOutput: Read 51269741 bytes from map-output for attempt_local1849600764_0008_m_000000_0
2024-10-10 22:42:55,579 INFO reduce.MergeManagerImpl: closeInMemoryFile -> map-output of size: 51269741, inMemoryMapOutputs.size() -> 1, commitMemory -> 0, usedMemory ->51269741
2024-10-10 22:42:55,580 INFO reduce.EventFetcher: EventFetcher is interrupted.. Returning
2024-10-10 22:42:55,581 INFO mapred.LocalJobRunner: 1 / 1 copied.
2024-10-10 22:42:55,581 INFO reduce.MergeManagerImpl: finalMerge called with 1 in-memory map-outputs and 0 on-disk map-outputs
2024-10-10 22:42:55,592 INFO mapred.Merger: Merging 1 sorted segments
2024-10-10 22:42:55,592 INFO mapred.Merger: Down to the last merge-pass, with 1 segments left of total size: 51269731 bytes
2024-10-10 22:42:55,914 INFO mapreduce.Job:  map 100% reduce 0%
2024-10-10 22:42:55,937 INFO reduce.MergeManagerImpl: Merged 1 segments, 51269741 bytes to disk to satisfy reduce memory limit
2024-10-10 22:42:55,938 INFO reduce.MergeManagerImpl: Merging 1 files, 51269745 bytes from disk
2024-10-10 22:42:55,938 INFO reduce.MergeManagerImpl: Merging 0 segments, 0 bytes from memory into reduce
2024-10-10 22:42:55,938 INFO mapred.Merger: Merging 1 sorted segments
2024-10-10 22:42:55,939 INFO mapred.Merger: Down to the last merge-pass, with 1 segments left of total size: 51269731 bytes
2024-10-10 22:42:55,940 INFO mapred.LocalJobRunner: 1 / 1 copied.
2024-10-10 22:42:56,486 INFO mapred.Task: Task:attempt_local1849600764_0008_r_000000_0 is done. And is in the process of committing
2024-10-10 22:42:56,490 INFO mapred.LocalJobRunner: 1 / 1 copied.
2024-10-10 22:42:56,490 INFO mapred.Task: Task attempt_local1849600764_0008_r_000000_0 is allowed to commit now
2024-10-10 22:42:56,492 INFO output.FileOutputCommitter: Saved output of task 'attempt_local1849600764_0008_r_000000_0' to file:/Users/hemanthsukumar/project3/tmp_large/i7
2024-10-10 22:42:56,493 INFO mapred.LocalJobRunner: reduce > reduce
2024-10-10 22:42:56,493 INFO mapred.Task: Task 'attempt_local1849600764_0008_r_000000_0' done.
2024-10-10 22:42:56,494 INFO mapred.Task: Final Counters for attempt_local1849600764_0008_r_000000_0: Counters: 24
	File System Counters
		FILE: Number of bytes read=546476386
		FILE: Number of bytes written=556749376
		FILE: Number of read operations=0
		FILE: Number of large read operations=0
		FILE: Number of write operations=0
	Map-Reduce Framework
		Combine input records=0
		Combine output records=0
		Reduce input groups=100000
		Reduce shuffle bytes=51269745
		Reduce input records=1300888
		Reduce output records=100000
		Spilled Records=1300888
		Shuffled Maps =1
		Failed Shuffles=0
		Merged Map outputs=1
		GC time elapsed (ms)=4
		Total committed heap usage (bytes)=1112014848
	Shuffle Errors
		BAD_ID=0
		CONNECTION=0
		IO_ERROR=0
		WRONG_LENGTH=0
		WRONG_MAP=0
		WRONG_REDUCE=0
	File Output Format Counters 
		Bytes Written=13514551
2024-10-10 22:42:56,494 INFO mapred.LocalJobRunner: Finishing task: attempt_local1849600764_0008_r_000000_0
2024-10-10 22:42:56,495 INFO mapred.LocalJobRunner: reduce task executor complete.
2024-10-10 22:42:56,925 INFO mapreduce.Job:  map 100% reduce 100%
2024-10-10 22:42:56,930 INFO mapreduce.Job: Job job_local1849600764_0008 completed successfully
2024-10-10 22:42:56,940 INFO mapreduce.Job: Counters: 30
	File System Counters
		FILE: Number of bytes read=990413250
		FILE: Number of bytes written=1048714456
		FILE: Number of read operations=0
		FILE: Number of large read operations=0
		FILE: Number of write operations=0
	Map-Reduce Framework
		Map input records=100000
		Map output records=1300888
		Map output bytes=48633744
		Map output materialized bytes=51269745
		Input split bytes=126
		Combine input records=0
		Combine output records=0
		Reduce input groups=100000
		Reduce shuffle bytes=51269745
		Reduce input records=1300888
		Reduce output records=100000
		Spilled Records=2601776
		Shuffled Maps =1
		Failed Shuffles=0
		Merged Map outputs=1
		GC time elapsed (ms)=4
		Total committed heap usage (bytes)=2224029696
	Shuffle Errors
		BAD_ID=0
		CONNECTION=0
		IO_ERROR=0
		WRONG_LENGTH=0
		WRONG_MAP=0
		WRONG_REDUCE=0
	File Input Format Counters 
		Bytes Read=13514551
	File Output Format Counters 
		Bytes Written=13514551
2024-10-10 22:42:56,960 WARN impl.MetricsSystemImpl: JobTracker metrics system already initialized!
2024-10-10 22:42:57,071 INFO input.FileInputFormat: Total input files to process : 1
2024-10-10 22:42:57,134 INFO mapreduce.JobSubmitter: number of splits:1
2024-10-10 22:42:57,174 INFO mapreduce.JobSubmitter: Submitting tokens for job: job_local2040666570_0009
2024-10-10 22:42:57,174 INFO mapreduce.JobSubmitter: Executing with tokens: []
2024-10-10 22:42:57,242 INFO mapreduce.Job: The url to track the job: http://localhost:8080/
2024-10-10 22:42:57,242 INFO mapreduce.Job: Running job: job_local2040666570_0009
2024-10-10 22:42:57,243 INFO mapred.LocalJobRunner: OutputCommitter set in config null
2024-10-10 22:42:57,244 INFO output.FileOutputCommitter: File Output Committer Algorithm version is 2
2024-10-10 22:42:57,244 INFO output.FileOutputCommitter: FileOutputCommitter skip cleanup _temporary folders under output directory:false, ignore cleanup failures: false
2024-10-10 22:42:57,245 INFO mapred.LocalJobRunner: OutputCommitter is org.apache.hadoop.mapreduce.lib.output.FileOutputCommitter
2024-10-10 22:42:57,275 INFO mapred.LocalJobRunner: Waiting for map tasks
2024-10-10 22:42:57,275 INFO mapred.LocalJobRunner: Starting task: attempt_local2040666570_0009_m_000000_0
2024-10-10 22:42:57,277 INFO output.FileOutputCommitter: File Output Committer Algorithm version is 2
2024-10-10 22:42:57,277 INFO output.FileOutputCommitter: FileOutputCommitter skip cleanup _temporary folders under output directory:false, ignore cleanup failures: false
2024-10-10 22:42:57,278 INFO util.ProcfsBasedProcessTree: ProcfsBasedProcessTree currently is supported only on Linux.
2024-10-10 22:42:57,278 INFO mapred.Task:  Using ResourceCalculatorProcessTree : null
2024-10-10 22:42:57,279 INFO mapred.MapTask: Processing split: file:/Users/hemanthsukumar/project3/tmp_large/i7/part-r-00000:0+13409779
2024-10-10 22:42:57,288 INFO mapred.MapTask: (EQUATOR) 0 kvi 26214396(104857584)
2024-10-10 22:42:57,288 INFO mapred.MapTask: mapreduce.task.io.sort.mb: 100
2024-10-10 22:42:57,288 INFO mapred.MapTask: soft limit at 83886080
2024-10-10 22:42:57,288 INFO mapred.MapTask: bufstart = 0; bufvoid = 104857600
2024-10-10 22:42:57,288 INFO mapred.MapTask: kvstart = 26214396; length = 6553600
2024-10-10 22:42:57,289 INFO mapred.MapTask: Map output collector class = org.apache.hadoop.mapred.MapTask$MapOutputBuffer
2024-10-10 22:42:57,642 INFO mapred.LocalJobRunner: 
2024-10-10 22:42:57,642 INFO mapred.MapTask: Starting flush of map output
2024-10-10 22:42:57,642 INFO mapred.MapTask: Spilling map output
2024-10-10 22:42:57,642 INFO mapred.MapTask: bufstart = 0; bufend = 48633744; bufvoid = 104857600
2024-10-10 22:42:57,642 INFO mapred.MapTask: kvstart = 26214396(104857584); kvend = 21010848(84043392); length = 5203549/6553600
2024-10-10 22:42:58,248 INFO mapreduce.Job: Job job_local2040666570_0009 running in uber mode : false
2024-10-10 22:42:58,248 INFO mapreduce.Job:  map 0% reduce 0%
2024-10-10 22:42:58,891 INFO mapred.MapTask: Finished spill 0
2024-10-10 22:42:58,903 INFO mapred.Task: Task:attempt_local2040666570_0009_m_000000_0 is done. And is in the process of committing
2024-10-10 22:42:58,903 INFO mapred.LocalJobRunner: map
2024-10-10 22:42:58,904 INFO mapred.Task: Task 'attempt_local2040666570_0009_m_000000_0' done.
2024-10-10 22:42:58,905 INFO mapred.Task: Final Counters for attempt_local2040666570_0009_m_000000_0: Counters: 17
	File System Counters
		FILE: Number of bytes read=560001154
		FILE: Number of bytes written=608583364
		FILE: Number of read operations=0
		FILE: Number of large read operations=0
		FILE: Number of write operations=0
	Map-Reduce Framework
		Map input records=100000
		Map output records=1300888
		Map output bytes=48633744
		Map output materialized bytes=51269745
		Input split bytes=126
		Combine input records=0
		Spilled Records=1300888
		Failed Shuffles=0
		Merged Map outputs=0
		GC time elapsed (ms)=0
		Total committed heap usage (bytes)=1112014848
	File Input Format Counters 
		Bytes Read=13514551
2024-10-10 22:42:58,906 INFO mapred.LocalJobRunner: Finishing task: attempt_local2040666570_0009_m_000000_0
2024-10-10 22:42:58,906 INFO mapred.LocalJobRunner: map task executor complete.
2024-10-10 22:42:58,907 INFO mapred.LocalJobRunner: Waiting for reduce tasks
2024-10-10 22:42:58,908 INFO mapred.LocalJobRunner: Starting task: attempt_local2040666570_0009_r_000000_0
2024-10-10 22:42:58,910 INFO output.FileOutputCommitter: File Output Committer Algorithm version is 2
2024-10-10 22:42:58,910 INFO output.FileOutputCommitter: FileOutputCommitter skip cleanup _temporary folders under output directory:false, ignore cleanup failures: false
2024-10-10 22:42:58,911 INFO util.ProcfsBasedProcessTree: ProcfsBasedProcessTree currently is supported only on Linux.
2024-10-10 22:42:58,911 INFO mapred.Task:  Using ResourceCalculatorProcessTree : null
2024-10-10 22:42:58,911 INFO mapred.ReduceTask: Using ShuffleConsumerPlugin: org.apache.hadoop.mapreduce.task.reduce.Shuffle@43a7d406
2024-10-10 22:42:58,911 WARN impl.MetricsSystemImpl: JobTracker metrics system already initialized!
2024-10-10 22:42:58,912 INFO reduce.MergeManagerImpl: MergerManager: memoryLimit=1336252800, maxSingleShuffleLimit=334063200, mergeThreshold=881926912, ioSortFactor=10, memToMemMergeOutputsThreshold=10
2024-10-10 22:42:58,912 INFO reduce.EventFetcher: attempt_local2040666570_0009_r_000000_0 Thread started: EventFetcher for fetching Map Completion Events
2024-10-10 22:42:58,918 INFO reduce.LocalFetcher: localfetcher#9 about to shuffle output of map attempt_local2040666570_0009_m_000000_0 decomp: 51269741 len: 51269745 to MEMORY
2024-10-10 22:42:58,928 INFO reduce.InMemoryMapOutput: Read 51269741 bytes from map-output for attempt_local2040666570_0009_m_000000_0
2024-10-10 22:42:58,929 INFO reduce.MergeManagerImpl: closeInMemoryFile -> map-output of size: 51269741, inMemoryMapOutputs.size() -> 1, commitMemory -> 0, usedMemory ->51269741
2024-10-10 22:42:58,930 INFO reduce.EventFetcher: EventFetcher is interrupted.. Returning
2024-10-10 22:42:58,930 INFO mapred.LocalJobRunner: 1 / 1 copied.
2024-10-10 22:42:58,930 INFO reduce.MergeManagerImpl: finalMerge called with 1 in-memory map-outputs and 0 on-disk map-outputs
2024-10-10 22:42:58,940 INFO mapred.Merger: Merging 1 sorted segments
2024-10-10 22:42:58,941 INFO mapred.Merger: Down to the last merge-pass, with 1 segments left of total size: 51269731 bytes
2024-10-10 22:42:59,254 INFO mapreduce.Job:  map 100% reduce 0%
2024-10-10 22:42:59,289 INFO reduce.MergeManagerImpl: Merged 1 segments, 51269741 bytes to disk to satisfy reduce memory limit
2024-10-10 22:42:59,290 INFO reduce.MergeManagerImpl: Merging 1 files, 51269745 bytes from disk
2024-10-10 22:42:59,290 INFO reduce.MergeManagerImpl: Merging 0 segments, 0 bytes from memory into reduce
2024-10-10 22:42:59,290 INFO mapred.Merger: Merging 1 sorted segments
2024-10-10 22:42:59,290 INFO mapred.Merger: Down to the last merge-pass, with 1 segments left of total size: 51269731 bytes
2024-10-10 22:42:59,290 INFO mapred.LocalJobRunner: 1 / 1 copied.
2024-10-10 22:42:59,805 INFO mapred.Task: Task:attempt_local2040666570_0009_r_000000_0 is done. And is in the process of committing
2024-10-10 22:42:59,809 INFO mapred.LocalJobRunner: 1 / 1 copied.
2024-10-10 22:42:59,810 INFO mapred.Task: Task attempt_local2040666570_0009_r_000000_0 is allowed to commit now
2024-10-10 22:42:59,811 INFO output.FileOutputCommitter: Saved output of task 'attempt_local2040666570_0009_r_000000_0' to file:/Users/hemanthsukumar/project3/tmp_large/i8
2024-10-10 22:42:59,812 INFO mapred.LocalJobRunner: reduce > reduce
2024-10-10 22:42:59,812 INFO mapred.Task: Task 'attempt_local2040666570_0009_r_000000_0' done.
2024-10-10 22:42:59,813 INFO mapred.Task: Final Counters for attempt_local2040666570_0009_r_000000_0: Counters: 24
	File System Counters
		FILE: Number of bytes read=662540676
		FILE: Number of bytes written=673367660
		FILE: Number of read operations=0
		FILE: Number of large read operations=0
		FILE: Number of write operations=0
	Map-Reduce Framework
		Combine input records=0
		Combine output records=0
		Reduce input groups=100000
		Reduce shuffle bytes=51269745
		Reduce input records=1300888
		Reduce output records=100000
		Spilled Records=1300888
		Shuffled Maps =1
		Failed Shuffles=0
		Merged Map outputs=1
		GC time elapsed (ms)=3
		Total committed heap usage (bytes)=1112014848
	Shuffle Errors
		BAD_ID=0
		CONNECTION=0
		IO_ERROR=0
		WRONG_LENGTH=0
		WRONG_MAP=0
		WRONG_REDUCE=0
	File Output Format Counters 
		Bytes Written=13514551
2024-10-10 22:42:59,813 INFO mapred.LocalJobRunner: Finishing task: attempt_local2040666570_0009_r_000000_0
2024-10-10 22:42:59,813 INFO mapred.LocalJobRunner: reduce task executor complete.
2024-10-10 22:43:00,264 INFO mapreduce.Job:  map 100% reduce 100%
2024-10-10 22:43:00,270 INFO mapreduce.Job: Job job_local2040666570_0009 completed successfully
2024-10-10 22:43:00,291 INFO mapreduce.Job: Counters: 30
	File System Counters
		FILE: Number of bytes read=1222541830
		FILE: Number of bytes written=1281951024
		FILE: Number of read operations=0
		FILE: Number of large read operations=0
		FILE: Number of write operations=0
	Map-Reduce Framework
		Map input records=100000
		Map output records=1300888
		Map output bytes=48633744
		Map output materialized bytes=51269745
		Input split bytes=126
		Combine input records=0
		Combine output records=0
		Reduce input groups=100000
		Reduce shuffle bytes=51269745
		Reduce input records=1300888
		Reduce output records=100000
		Spilled Records=2601776
		Shuffled Maps =1
		Failed Shuffles=0
		Merged Map outputs=1
		GC time elapsed (ms)=3
		Total committed heap usage (bytes)=2224029696
	Shuffle Errors
		BAD_ID=0
		CONNECTION=0
		IO_ERROR=0
		WRONG_LENGTH=0
		WRONG_MAP=0
		WRONG_REDUCE=0
	File Input Format Counters 
		Bytes Read=13514551
	File Output Format Counters 
		Bytes Written=13514551
2024-10-10 22:43:00,321 WARN impl.MetricsSystemImpl: JobTracker metrics system already initialized!
2024-10-10 22:43:00,431 INFO input.FileInputFormat: Total input files to process : 1
2024-10-10 22:43:00,496 INFO mapreduce.JobSubmitter: number of splits:1
2024-10-10 22:43:00,538 INFO mapreduce.JobSubmitter: Submitting tokens for job: job_local445163025_0010
2024-10-10 22:43:00,538 INFO mapreduce.JobSubmitter: Executing with tokens: []
2024-10-10 22:43:00,605 INFO mapreduce.Job: The url to track the job: http://localhost:8080/
2024-10-10 22:43:00,606 INFO mapreduce.Job: Running job: job_local445163025_0010
2024-10-10 22:43:00,606 INFO mapred.LocalJobRunner: OutputCommitter set in config null
2024-10-10 22:43:00,607 INFO output.FileOutputCommitter: File Output Committer Algorithm version is 2
2024-10-10 22:43:00,607 INFO output.FileOutputCommitter: FileOutputCommitter skip cleanup _temporary folders under output directory:false, ignore cleanup failures: false
2024-10-10 22:43:00,608 INFO mapred.LocalJobRunner: OutputCommitter is org.apache.hadoop.mapreduce.lib.output.FileOutputCommitter
2024-10-10 22:43:00,636 INFO mapred.LocalJobRunner: Waiting for map tasks
2024-10-10 22:43:00,636 INFO mapred.LocalJobRunner: Starting task: attempt_local445163025_0010_m_000000_0
2024-10-10 22:43:00,638 INFO output.FileOutputCommitter: File Output Committer Algorithm version is 2
2024-10-10 22:43:00,638 INFO output.FileOutputCommitter: FileOutputCommitter skip cleanup _temporary folders under output directory:false, ignore cleanup failures: false
2024-10-10 22:43:00,638 INFO util.ProcfsBasedProcessTree: ProcfsBasedProcessTree currently is supported only on Linux.
2024-10-10 22:43:00,638 INFO mapred.Task:  Using ResourceCalculatorProcessTree : null
2024-10-10 22:43:00,639 INFO mapred.MapTask: Processing split: file:/Users/hemanthsukumar/project3/tmp_large/i8/part-r-00000:0+13409779
2024-10-10 22:43:00,649 INFO mapred.MapTask: (EQUATOR) 0 kvi 26214396(104857584)
2024-10-10 22:43:00,649 INFO mapred.MapTask: mapreduce.task.io.sort.mb: 100
2024-10-10 22:43:00,649 INFO mapred.MapTask: soft limit at 83886080
2024-10-10 22:43:00,649 INFO mapred.MapTask: bufstart = 0; bufvoid = 104857600
2024-10-10 22:43:00,649 INFO mapred.MapTask: kvstart = 26214396; length = 6553600
2024-10-10 22:43:00,650 INFO mapred.MapTask: Map output collector class = org.apache.hadoop.mapred.MapTask$MapOutputBuffer
2024-10-10 22:43:00,757 INFO mapred.LocalJobRunner: 
2024-10-10 22:43:00,757 INFO mapred.MapTask: Starting flush of map output
2024-10-10 22:43:00,757 INFO mapred.MapTask: Spilling map output
2024-10-10 22:43:00,757 INFO mapred.MapTask: bufstart = 0; bufend = 1200000; bufvoid = 104857600
2024-10-10 22:43:00,757 INFO mapred.MapTask: kvstart = 26214396(104857584); kvend = 25814400(103257600); length = 399997/6553600
2024-10-10 22:43:00,812 INFO mapred.MapTask: Finished spill 0
2024-10-10 22:43:00,823 INFO mapred.Task: Task:attempt_local445163025_0010_m_000000_0 is done. And is in the process of committing
2024-10-10 22:43:00,824 INFO mapred.LocalJobRunner: map
2024-10-10 22:43:00,824 INFO mapred.Task: Task 'attempt_local445163025_0010_m_000000_0' done.
2024-10-10 22:43:00,825 INFO mapred.Task: Final Counters for attempt_local445163025_0010_m_000000_0: Counters: 17
	File System Counters
		FILE: Number of bytes read=676065444
		FILE: Number of bytes written=675329351
		FILE: Number of read operations=0
		FILE: Number of large read operations=0
		FILE: Number of write operations=0
	Map-Reduce Framework
		Map input records=100000
		Map output records=100000
		Map output bytes=1200000
		Map output materialized bytes=1400006
		Input split bytes=126
		Combine input records=0
		Spilled Records=100000
		Failed Shuffles=0
		Merged Map outputs=0
		GC time elapsed (ms)=0
		Total committed heap usage (bytes)=1112014848
	File Input Format Counters 
		Bytes Read=13514551
2024-10-10 22:43:00,825 INFO mapred.LocalJobRunner: Finishing task: attempt_local445163025_0010_m_000000_0
2024-10-10 22:43:00,825 INFO mapred.LocalJobRunner: map task executor complete.
2024-10-10 22:43:00,826 INFO mapred.LocalJobRunner: Waiting for reduce tasks
2024-10-10 22:43:00,826 INFO mapred.LocalJobRunner: Starting task: attempt_local445163025_0010_r_000000_0
2024-10-10 22:43:00,827 INFO output.FileOutputCommitter: File Output Committer Algorithm version is 2
2024-10-10 22:43:00,827 INFO output.FileOutputCommitter: FileOutputCommitter skip cleanup _temporary folders under output directory:false, ignore cleanup failures: false
2024-10-10 22:43:00,827 INFO util.ProcfsBasedProcessTree: ProcfsBasedProcessTree currently is supported only on Linux.
2024-10-10 22:43:00,827 INFO mapred.Task:  Using ResourceCalculatorProcessTree : null
2024-10-10 22:43:00,827 INFO mapred.ReduceTask: Using ShuffleConsumerPlugin: org.apache.hadoop.mapreduce.task.reduce.Shuffle@75483953
2024-10-10 22:43:00,827 WARN impl.MetricsSystemImpl: JobTracker metrics system already initialized!
2024-10-10 22:43:00,828 INFO reduce.MergeManagerImpl: MergerManager: memoryLimit=1336252800, maxSingleShuffleLimit=334063200, mergeThreshold=881926912, ioSortFactor=10, memToMemMergeOutputsThreshold=10
2024-10-10 22:43:00,829 INFO reduce.EventFetcher: attempt_local445163025_0010_r_000000_0 Thread started: EventFetcher for fetching Map Completion Events
2024-10-10 22:43:00,829 INFO reduce.LocalFetcher: localfetcher#10 about to shuffle output of map attempt_local445163025_0010_m_000000_0 decomp: 1400002 len: 1400006 to MEMORY
2024-10-10 22:43:00,830 INFO reduce.InMemoryMapOutput: Read 1400002 bytes from map-output for attempt_local445163025_0010_m_000000_0
2024-10-10 22:43:00,830 INFO reduce.MergeManagerImpl: closeInMemoryFile -> map-output of size: 1400002, inMemoryMapOutputs.size() -> 1, commitMemory -> 0, usedMemory ->1400002
2024-10-10 22:43:00,830 INFO reduce.EventFetcher: EventFetcher is interrupted.. Returning
2024-10-10 22:43:00,832 INFO mapred.LocalJobRunner: 1 / 1 copied.
2024-10-10 22:43:00,832 INFO reduce.MergeManagerImpl: finalMerge called with 1 in-memory map-outputs and 0 on-disk map-outputs
2024-10-10 22:43:00,841 INFO mapred.Merger: Merging 1 sorted segments
2024-10-10 22:43:00,842 INFO mapred.Merger: Down to the last merge-pass, with 1 segments left of total size: 1399992 bytes
2024-10-10 22:43:00,873 INFO reduce.MergeManagerImpl: Merged 1 segments, 1400002 bytes to disk to satisfy reduce memory limit
2024-10-10 22:43:00,874 INFO reduce.MergeManagerImpl: Merging 1 files, 1400006 bytes from disk
2024-10-10 22:43:00,874 INFO reduce.MergeManagerImpl: Merging 0 segments, 0 bytes from memory into reduce
2024-10-10 22:43:00,874 INFO mapred.Merger: Merging 1 sorted segments
2024-10-10 22:43:00,874 INFO mapred.Merger: Down to the last merge-pass, with 1 segments left of total size: 1399992 bytes
2024-10-10 22:43:00,875 INFO mapred.LocalJobRunner: 1 / 1 copied.
2024-10-10 22:43:00,946 INFO mapred.Task: Task:attempt_local445163025_0010_r_000000_0 is done. And is in the process of committing
2024-10-10 22:43:00,951 INFO mapred.LocalJobRunner: 1 / 1 copied.
2024-10-10 22:43:00,951 INFO mapred.Task: Task attempt_local445163025_0010_r_000000_0 is allowed to commit now
2024-10-10 22:43:00,953 INFO output.FileOutputCommitter: Saved output of task 'attempt_local445163025_0010_r_000000_0' to file:/Users/hemanthsukumar/project3/output_large
2024-10-10 22:43:00,954 INFO mapred.LocalJobRunner: reduce > reduce
2024-10-10 22:43:00,954 INFO mapred.Task: Task 'attempt_local445163025_0010_r_000000_0' done.
2024-10-10 22:43:00,955 INFO mapred.Task: Final Counters for attempt_local445163025_0010_r_000000_0: Counters: 24
	File System Counters
		FILE: Number of bytes read=678865488
		FILE: Number of bytes written=676729483
		FILE: Number of read operations=0
		FILE: Number of large read operations=0
		FILE: Number of write operations=0
	Map-Reduce Framework
		Combine input records=0
		Combine output records=0
		Reduce input groups=10
		Reduce shuffle bytes=1400006
		Reduce input records=100000
		Reduce output records=10
		Spilled Records=100000
		Shuffled Maps =1
		Failed Shuffles=0
		Merged Map outputs=1
		GC time elapsed (ms)=0
		Total committed heap usage (bytes)=1112014848
	Shuffle Errors
		BAD_ID=0
		CONNECTION=0
		IO_ERROR=0
		WRONG_LENGTH=0
		WRONG_MAP=0
		WRONG_REDUCE=0
	File Output Format Counters 
		Bytes Written=126
2024-10-10 22:43:00,955 INFO mapred.LocalJobRunner: Finishing task: attempt_local445163025_0010_r_000000_0
2024-10-10 22:43:00,956 INFO mapred.LocalJobRunner: reduce task executor complete.
2024-10-10 22:43:01,619 INFO mapreduce.Job: Job job_local445163025_0010 running in uber mode : false
2024-10-10 22:43:01,624 INFO mapreduce.Job:  map 100% reduce 100%
2024-10-10 22:43:01,625 INFO mapreduce.Job: Job job_local445163025_0010 completed successfully
2024-10-10 22:43:01,636 INFO mapreduce.Job: Counters: 30
	File System Counters
		FILE: Number of bytes read=1354930932
		FILE: Number of bytes written=1352058834
		FILE: Number of read operations=0
		FILE: Number of large read operations=0
		FILE: Number of write operations=0
	Map-Reduce Framework
		Map input records=100000
		Map output records=100000
		Map output bytes=1200000
		Map output materialized bytes=1400006
		Input split bytes=126
		Combine input records=0
		Combine output records=0
		Reduce input groups=10
		Reduce shuffle bytes=1400006
		Reduce input records=100000
		Reduce output records=10
		Spilled Records=200000
		Shuffled Maps =1
		Failed Shuffles=0
		Merged Map outputs=1
		GC time elapsed (ms)=0
		Total committed heap usage (bytes)=2224029696
	Shuffle Errors
		BAD_ID=0
		CONNECTION=0
		IO_ERROR=0
		WRONG_LENGTH=0
		WRONG_MAP=0
		WRONG_REDUCE=0
	File Input Format Counters 
		Bytes Read=13514551
	File Output Format Counters 
		Bytes Written=126
Cluster sizes:
